Attention Config: BETA=0.001, epochs=150, ckpt_dir=checkpoints/exp_attention
Extracting PBP assist features (one-time, may take ~10 min)...
Loading PlayByPlay.parquet (this may take a few minutes)...
  Loaded 18,583,620 rows
  Made FGs: 2,925,500
Computing rolling assist rates per player...
Saved 693,341 rows to /Users/ag7/Documents/ML Projects/NBA Correlation/data/processed/pbp_features.csv
PBP features extracted.
  PBP features: 693,341 rows
Loading data (season 2019-26)...
  170772 rows after merge
  train=136880  val=33892
  player extra cols: ['home', 'cov_pts_ast', 'cov_pts_reb', 'rolling_ast_given_rate', 'rolling_ast_received_rate']
  make_loaders done
  team_dim=256  player_dim=26
--no-resume — starting from epoch 0.
Training attention model epochs 0–149
Epoch 000/149 | beta 0.00000 | train recon 0.4863  kl/dim 0.533 | val recon 0.4707  kl/dim 0.564
Epoch 001/149 | beta 0.00007 | train recon 0.4564  kl/dim 0.644 | val recon 0.4609  kl/dim 0.542
Epoch 002/149 | beta 0.00013 | train recon 0.4492  kl/dim 0.557 | val recon 0.4532  kl/dim 0.494
Epoch 003/149 | beta 0.00020 | train recon 0.4432  kl/dim 0.521 | val recon 0.4497  kl/dim 0.447
Epoch 004/149 | beta 0.00027 | train recon 0.4381  kl/dim 0.515 | val recon 0.4486  kl/dim 0.379
Epoch 005/149 | beta 0.00033 | train recon 0.4345  kl/dim 0.508 | val recon 0.4457  kl/dim 0.394
Epoch 006/149 | beta 0.00040 | train recon 0.4331  kl/dim 0.507 | val recon 0.4423  kl/dim 0.383
Epoch 007/149 | beta 0.00047 | train recon 0.4315  kl/dim 0.506 | val recon 0.4402  kl/dim 0.372
Epoch 008/149 | beta 0.00053 | train recon 0.4312  kl/dim 0.505 | val recon 0.4413  kl/dim 0.357
Epoch 009/149 | beta 0.00060 | train recon 0.4301  kl/dim 0.506 | val recon 0.4392  kl/dim 0.365
Epoch 010/149 | beta 0.00067 | train recon 0.4288  kl/dim 0.504 | val recon 0.4388  kl/dim 0.331
  [diag] P(over|z) std: mean=0.0117  std=0.0045  (target >0.05)
Epoch 011/149 | beta 0.00073 | train recon 0.4277  kl/dim 0.503 | val recon 0.4388  kl/dim 0.361
Epoch 012/149 | beta 0.00080 | train recon 0.4255  kl/dim 0.504 | val recon 0.4379  kl/dim 0.317
Epoch 013/149 | beta 0.00087 | train recon 0.4271  kl/dim 0.503 | val recon 0.4378  kl/dim 0.310
Epoch 014/149 | beta 0.00093 | train recon 0.4263  kl/dim 0.502 | val recon 0.4360  kl/dim 0.304
Epoch 015/149 | beta 0.00100 | train recon 0.4251  kl/dim 0.503 | val recon 0.4365  kl/dim 0.309
Epoch 016/149 | beta 0.00100 | train recon 0.4254  kl/dim 0.503 | val recon 0.4379  kl/dim 0.316
Epoch 017/149 | beta 0.00100 | train recon 0.4244  kl/dim 0.504 | val recon 0.4375  kl/dim 0.304
Epoch 018/149 | beta 0.00100 | train recon 0.4227  kl/dim 0.503 | val recon 0.4396  kl/dim 0.295
Epoch 019/149 | beta 0.00100 | train recon 0.4220  kl/dim 0.503 | val recon 0.4362  kl/dim 0.312
Epoch 020/149 | beta 0.00100 | train recon 0.4224  kl/dim 0.503 | val recon 0.4356  kl/dim 0.313
  [diag] P(over|z) std: mean=0.0130  std=0.0049  (target >0.05)
Epoch 021/149 | beta 0.00100 | train recon 0.4215  kl/dim 0.504 | val recon 0.4362  kl/dim 0.288
Epoch 022/149 | beta 0.00100 | train recon 0.4217  kl/dim 0.507 | val recon 0.4374  kl/dim 0.307
Epoch 023/149 | beta 0.00100 | train recon 0.4204  kl/dim 0.504 | val recon 0.4370  kl/dim 0.276
Epoch 024/149 | beta 0.00100 | train recon 0.4219  kl/dim 0.503 | val recon 0.4368  kl/dim 0.297
Epoch 025/149 | beta 0.00100 | train recon 0.4204  kl/dim 0.503 | val recon 0.4359  kl/dim 0.307
Epoch 026/149 | beta 0.00100 | train recon 0.4207  kl/dim 0.506 | val recon 0.4363  kl/dim 0.296
Epoch 027/149 | beta 0.00100 | train recon 0.4206  kl/dim 0.503 | val recon 0.4352  kl/dim 0.304
Epoch 028/149 | beta 0.00100 | train recon 0.4201  kl/dim 0.505 | val recon 0.4358  kl/dim 0.272
Epoch 029/149 | beta 0.00100 | train recon 0.4196  kl/dim 0.503 | val recon 0.4379  kl/dim 0.280
Epoch 030/149 | beta 0.00100 | train recon 0.4197  kl/dim 0.505 | val recon 0.4370  kl/dim 0.289
  [diag] P(over|z) std: mean=0.0142  std=0.0056  (target >0.05)
Epoch 031/149 | beta 0.00100 | train recon 0.4170  kl/dim 0.503 | val recon 0.4342  kl/dim 0.295
Epoch 032/149 | beta 0.00100 | train recon 0.4174  kl/dim 0.504 | val recon 0.4352  kl/dim 0.271
Epoch 033/149 | beta 0.00100 | train recon 0.4170  kl/dim 0.504 | val recon 0.4334  kl/dim 0.310
Epoch 034/149 | beta 0.00100 | train recon 0.4171  kl/dim 0.504 | val recon 0.4342  kl/dim 0.306
Epoch 035/149 | beta 0.00100 | train recon 0.4174  kl/dim 0.505 | val recon 0.4355  kl/dim 0.297
Epoch 036/149 | beta 0.00100 | train recon 0.4163  kl/dim 0.505 | val recon 0.4365  kl/dim 0.276
Epoch 037/149 | beta 0.00100 | train recon 0.4167  kl/dim 0.504 | val recon 0.4359  kl/dim 0.287
Epoch 038/149 | beta 0.00100 | train recon 0.4161  kl/dim 0.505 | val recon 0.4356  kl/dim 0.316
Epoch 039/149 | beta 0.00100 | train recon 0.4155  kl/dim 0.505 | val recon 0.4360  kl/dim 0.264
Epoch 040/149 | beta 0.00100 | train recon 0.4154  kl/dim 0.504 | val recon 0.4364  kl/dim 0.286
  [diag] P(over|z) std: mean=0.0138  std=0.0057  (target >0.05)
Epoch 041/149 | beta 0.00100 | train recon 0.4153  kl/dim 0.504 | val recon 0.4336  kl/dim 0.304
Epoch 042/149 | beta 0.00100 | train recon 0.4148  kl/dim 0.505 | val recon 0.4367  kl/dim 0.282
Epoch 043/149 | beta 0.00100 | train recon 0.4147  kl/dim 0.504 | val recon 0.4364  kl/dim 0.278
Epoch 044/149 | beta 0.00100 | train recon 0.4155  kl/dim 0.506 | val recon 0.4355  kl/dim 0.274
Epoch 045/149 | beta 0.00100 | train recon 0.4150  kl/dim 0.507 | val recon 0.4344  kl/dim 0.291
Epoch 046/149 | beta 0.00100 | train recon 0.4147  kl/dim 0.506 | val recon 0.4350  kl/dim 0.261
Epoch 047/149 | beta 0.00100 | train recon 0.4129  kl/dim 0.505 | val recon 0.4381  kl/dim 0.280
Epoch 048/149 | beta 0.00100 | train recon 0.4134  kl/dim 0.505 | val recon 0.4353  kl/dim 0.291
Epoch 049/149 | beta 0.00100 | train recon 0.4139  kl/dim 0.504 | val recon 0.4370  kl/dim 0.255
Epoch 050/149 | beta 0.00100 | train recon 0.4130  kl/dim 0.508 | val recon 0.4358  kl/dim 0.270
  [diag] P(over|z) std: mean=0.0164  std=0.0067  (target >0.05)
Epoch 051/149 | beta 0.00100 | train recon 0.4127  kl/dim 0.504 | val recon 0.4359  kl/dim 0.278
Epoch 052/149 | beta 0.00100 | train recon 0.4125  kl/dim 0.505 | val recon 0.4378  kl/dim 0.272
Epoch 053/149 | beta 0.00100 | train recon 0.4120  kl/dim 0.506 | val recon 0.4340  kl/dim 0.255
Epoch 054/149 | beta 0.00100 | train recon 0.4133  kl/dim 0.505 | val recon 0.4341  kl/dim 0.267
Epoch 055/149 | beta 0.00100 | train recon 0.4110  kl/dim 0.506 | val recon 0.4354  kl/dim 0.254
Epoch 056/149 | beta 0.00100 | train recon 0.4121  kl/dim 0.507 | val recon 0.4365  kl/dim 0.255
Epoch 057/149 | beta 0.00100 | train recon 0.4117  kl/dim 0.506 | val recon 0.4346  kl/dim 0.240
Epoch 058/149 | beta 0.00100 | train recon 0.4115  kl/dim 0.506 | val recon 0.4355  kl/dim 0.275
Epoch 059/149 | beta 0.00100 | train recon 0.4112  kl/dim 0.505 | val recon 0.4359  kl/dim 0.247
Epoch 060/149 | beta 0.00100 | train recon 0.4115  kl/dim 0.506 | val recon 0.4352  kl/dim 0.263
  [diag] P(over|z) std: mean=0.0160  std=0.0065  (target >0.05)
Epoch 061/149 | beta 0.00100 | train recon 0.4106  kl/dim 0.506 | val recon 0.4388  kl/dim 0.267
Epoch 062/149 | beta 0.00100 | train recon 0.4100  kl/dim 0.505 | val recon 0.4362  kl/dim 0.240
Epoch 063/149 | beta 0.00100 | train recon 0.4104  kl/dim 0.507 | val recon 0.4337  kl/dim 0.250
Epoch 064/149 | beta 0.00100 | train recon 0.4099  kl/dim 0.507 | val recon 0.4357  kl/dim 0.262
Epoch 065/149 | beta 0.00100 | train recon 0.4096  kl/dim 0.507 | val recon 0.4378  kl/dim 0.259
Epoch 066/149 | beta 0.00100 | train recon 0.4091  kl/dim 0.506 | val recon 0.4353  kl/dim 0.244
Epoch 067/149 | beta 0.00100 | train recon 0.4096  kl/dim 0.506 | val recon 0.4355  kl/dim 0.267
Epoch 068/149 | beta 0.00100 | train recon 0.4100  kl/dim 0.506 | val recon 0.4355  kl/dim 0.257
Epoch 069/149 | beta 0.00100 | train recon 0.4091  kl/dim 0.507 | val recon 0.4368  kl/dim 0.263
Epoch 070/149 | beta 0.00100 | train recon 0.4110  kl/dim 0.506 | val recon 0.4360  kl/dim 0.270
  [diag] P(over|z) std: mean=0.0180  std=0.0076  (target >0.05)
Epoch 071/149 | beta 0.00100 | train recon 0.4084  kl/dim 0.507 | val recon 0.4355  kl/dim 0.249
Epoch 072/149 | beta 0.00100 | train recon 0.4083  kl/dim 0.507 | val recon 0.4370  kl/dim 0.251
Epoch 073/149 | beta 0.00100 | train recon 0.4091  kl/dim 0.506 | val recon 0.4361  kl/dim 0.273
Epoch 074/149 | beta 0.00100 | train recon 0.4103  kl/dim 0.507 | val recon 0.4368  kl/dim 0.248
Epoch 075/149 | beta 0.00100 | train recon 0.4088  kl/dim 0.506 | val recon 0.4373  kl/dim 0.262
Epoch 076/149 | beta 0.00100 | train recon 0.4078  kl/dim 0.507 | val recon 0.4356  kl/dim 0.254
Epoch 077/149 | beta 0.00100 | train recon 0.4079  kl/dim 0.506 | val recon 0.4366  kl/dim 0.267
Epoch 078/149 | beta 0.00100 | train recon 0.4079  kl/dim 0.507 | val recon 0.4356  kl/dim 0.266
Epoch 079/149 | beta 0.00100 | train recon 0.4095  kl/dim 0.510 | val recon 0.4348  kl/dim 0.272
Epoch 080/149 | beta 0.00100 | train recon 0.4082  kl/dim 0.507 | val recon 0.4366  kl/dim 0.268
  [diag] P(over|z) std: mean=0.0170  std=0.0069  (target >0.05)
Epoch 081/149 | beta 0.00100 | train recon 0.4086  kl/dim 0.506 | val recon 0.4362  kl/dim 0.274
Epoch 082/149 | beta 0.00100 | train recon 0.4069  kl/dim 0.508 | val recon 0.4368  kl/dim 0.254
Epoch 083/149 | beta 0.00100 | train recon 0.4066  kl/dim 0.507 | val recon 0.4378  kl/dim 0.268
Epoch 084/149 | beta 0.00100 | train recon 0.4068  kl/dim 0.507 | val recon 0.4360  kl/dim 0.275
Epoch 085/149 | beta 0.00100 | train recon 0.4069  kl/dim 0.508 | val recon 0.4348  kl/dim 0.257
Epoch 086/149 | beta 0.00100 | train recon 0.4083  kl/dim 0.509 | val recon 0.4366  kl/dim 0.260
Epoch 087/149 | beta 0.00100 | train recon 0.4071  kl/dim 0.507 | val recon 0.4369  kl/dim 0.281
Epoch 088/149 | beta 0.00100 | train recon 0.4066  kl/dim 0.508 | val recon 0.4368  kl/dim 0.267
Epoch 089/149 | beta 0.00100 | train recon 0.4062  kl/dim 0.507 | val recon 0.4352  kl/dim 0.264
Epoch 090/149 | beta 0.00100 | train recon 0.4065  kl/dim 0.508 | val recon 0.4356  kl/dim 0.272
  [diag] P(over|z) std: mean=0.0167  std=0.0071  (target >0.05)
Epoch 091/149 | beta 0.00100 | train recon 0.4065  kl/dim 0.506 | val recon 0.4357  kl/dim 0.274
Epoch 092/149 | beta 0.00100 | train recon 0.4054  kl/dim 0.511 | val recon 0.4371  kl/dim 0.280
Epoch 093/149 | beta 0.00100 | train recon 0.4072  kl/dim 0.507 | val recon 0.4360  kl/dim 0.275
Epoch 094/149 | beta 0.00100 | train recon 0.4058  kl/dim 0.509 | val recon 0.4370  kl/dim 0.248
Epoch 095/149 | beta 0.00100 | train recon 0.4058  kl/dim 0.507 | val recon 0.4371  kl/dim 0.254
Epoch 096/149 | beta 0.00100 | train recon 0.4064  kl/dim 0.509 | val recon 0.4385  kl/dim 0.256
Epoch 097/149 | beta 0.00100 | train recon 0.4055  kl/dim 0.508 | val recon 0.4372  kl/dim 0.251
Epoch 098/149 | beta 0.00100 | train recon 0.4060  kl/dim 0.508 | val recon 0.4384  kl/dim 0.254
Epoch 099/149 | beta 0.00100 | train recon 0.4051  kl/dim 0.509 | val recon 0.4362  kl/dim 0.259
Epoch 100/149 | beta 0.00100 | train recon 0.4062  kl/dim 0.507 | val recon 0.4376  kl/dim 0.254
  [diag] P(over|z) std: mean=0.0187  std=0.0074  (target >0.05)
Epoch 101/149 | beta 0.00100 | train recon 0.4048  kl/dim 0.509 | val recon 0.4375  kl/dim 0.260
Epoch 102/149 | beta 0.00100 | train recon 0.4056  kl/dim 0.508 | val recon 0.4359  kl/dim 0.276
Epoch 103/149 | beta 0.00100 | train recon 0.4044  kl/dim 0.508 | val recon 0.4360  kl/dim 0.258
Epoch 104/149 | beta 0.00100 | train recon 0.4055  kl/dim 0.508 | val recon 0.4370  kl/dim 0.270
Epoch 105/149 | beta 0.00100 | train recon 0.4051  kl/dim 0.508 | val recon 0.4377  kl/dim 0.259
Epoch 106/149 | beta 0.00100 | train recon 0.4042  kl/dim 0.508 | val recon 0.4367  kl/dim 0.257
Epoch 107/149 | beta 0.00100 | train recon 0.4046  kl/dim 0.508 | val recon 0.4376  kl/dim 0.268
Epoch 108/149 | beta 0.00100 | train recon 0.4044  kl/dim 0.507 | val recon 0.4362  kl/dim 0.289
Epoch 109/149 | beta 0.00100 | train recon 0.4035  kl/dim 0.509 | val recon 0.4376  kl/dim 0.267
Epoch 110/149 | beta 0.00100 | train recon 0.4052  kl/dim 0.510 | val recon 0.4354  kl/dim 0.249
  [diag] P(over|z) std: mean=0.0179  std=0.0075  (target >0.05)
Epoch 111/149 | beta 0.00100 | train recon 0.4038  kl/dim 0.508 | val recon 0.4360  kl/dim 0.255
Epoch 112/149 | beta 0.00100 | train recon 0.4039  kl/dim 0.508 | val recon 0.4363  kl/dim 0.251
Epoch 113/149 | beta 0.00100 | train recon 0.4035  kl/dim 0.509 | val recon 0.4341  kl/dim 0.251
Epoch 114/149 | beta 0.00100 | train recon 0.4042  kl/dim 0.507 | val recon 0.4356  kl/dim 0.269
Epoch 115/149 | beta 0.00100 | train recon 0.4045  kl/dim 0.508 | val recon 0.4399  kl/dim 0.260
Epoch 116/149 | beta 0.00100 | train recon 0.4043  kl/dim 0.509 | val recon 0.4365  kl/dim 0.270
Epoch 117/149 | beta 0.00100 | train recon 0.4033  kl/dim 0.510 | val recon 0.4373  kl/dim 0.278
Epoch 118/149 | beta 0.00100 | train recon 0.4032  kl/dim 0.508 | val recon 0.4416  kl/dim 0.257
Epoch 119/149 | beta 0.00100 | train recon 0.4047  kl/dim 0.510 | val recon 0.4374  kl/dim 0.251
Epoch 120/149 | beta 0.00100 | train recon 0.4029  kl/dim 0.509 | val recon 0.4386  kl/dim 0.258
  [diag] P(over|z) std: mean=0.0183  std=0.0072  (target >0.05)
Epoch 121/149 | beta 0.00100 | train recon 0.4036  kl/dim 0.510 | val recon 0.4356  kl/dim 0.259
Epoch 122/149 | beta 0.00100 | train recon 0.4033  kl/dim 0.508 | val recon 0.4365  kl/dim 0.256
Epoch 123/149 | beta 0.00100 | train recon 0.4032  kl/dim 0.508 | val recon 0.4395  kl/dim 0.247
Epoch 124/149 | beta 0.00100 | train recon 0.4030  kl/dim 0.508 | val recon 0.4377  kl/dim 0.261
Epoch 125/149 | beta 0.00100 | train recon 0.4010  kl/dim 0.508 | val recon 0.4378  kl/dim 0.258
Epoch 126/149 | beta 0.00100 | train recon 0.4028  kl/dim 0.510 | val recon 0.4390  kl/dim 0.260
Epoch 127/149 | beta 0.00100 | train recon 0.4036  kl/dim 0.510 | val recon 0.4395  kl/dim 0.253
Epoch 128/149 | beta 0.00100 | train recon 0.4032  kl/dim 0.510 | val recon 0.4377  kl/dim 0.256
Epoch 129/149 | beta 0.00100 | train recon 0.4034  kl/dim 0.508 | val recon 0.4373  kl/dim 0.266
Epoch 130/149 | beta 0.00100 | train recon 0.4025  kl/dim 0.509 | val recon 0.4371  kl/dim 0.257
  [diag] P(over|z) std: mean=0.0181  std=0.0075  (target >0.05)
Epoch 131/149 | beta 0.00100 | train recon 0.4027  kl/dim 0.509 | val recon 0.4372  kl/dim 0.263
Epoch 132/149 | beta 0.00100 | train recon 0.4033  kl/dim 0.510 | val recon 0.4394  kl/dim 0.263
Epoch 133/149 | beta 0.00100 | train recon 0.4011  kl/dim 0.511 | val recon 0.4368  kl/dim 0.257
Epoch 134/149 | beta 0.00100 | train recon 0.4036  kl/dim 0.508 | val recon 0.4397  kl/dim 0.257
Epoch 135/149 | beta 0.00100 | train recon 0.4019  kl/dim 0.510 | val recon 0.4365  kl/dim 0.260
Epoch 136/149 | beta 0.00100 | train recon 0.4021  kl/dim 0.509 | val recon 0.4375  kl/dim 0.260
Epoch 137/149 | beta 0.00100 | train recon 0.4031  kl/dim 0.508 | val recon 0.4357  kl/dim 0.268
Epoch 138/149 | beta 0.00100 | train recon 0.4024  kl/dim 0.511 | val recon 0.4379  kl/dim 0.259
Epoch 139/149 | beta 0.00100 | train recon 0.4024  kl/dim 0.508 | val recon 0.4372  kl/dim 0.263
Epoch 140/149 | beta 0.00100 | train recon 0.4010  kl/dim 0.510 | val recon 0.4372  kl/dim 0.262
  [diag] P(over|z) std: mean=0.0179  std=0.0072  (target >0.05)
Epoch 141/149 | beta 0.00100 | train recon 0.4013  kl/dim 0.509 | val recon 0.4389  kl/dim 0.259
Epoch 142/149 | beta 0.00100 | train recon 0.4022  kl/dim 0.509 | val recon 0.4374  kl/dim 0.269
Epoch 143/149 | beta 0.00100 | train recon 0.4013  kl/dim 0.512 | val recon 0.4376  kl/dim 0.267
Epoch 144/149 | beta 0.00100 | train recon 0.4024  kl/dim 0.511 | val recon 0.4376  kl/dim 0.254
Epoch 145/149 | beta 0.00100 | train recon 0.4018  kl/dim 0.509 | val recon 0.4373  kl/dim 0.254
Epoch 146/149 | beta 0.00100 | train recon 0.4008  kl/dim 0.509 | val recon 0.4376  kl/dim 0.270
Epoch 147/149 | beta 0.00100 | train recon 0.4017  kl/dim 0.510 | val recon 0.4406  kl/dim 0.271
Epoch 148/149 | beta 0.00100 | train recon 0.4000  kl/dim 0.510 | val recon 0.4387  kl/dim 0.265
Epoch 149/149 | beta 0.00100 | train recon 0.4011  kl/dim 0.509 | val recon 0.4374  kl/dim 0.260

Final P(over|z) std: mean=0.0188  std=0.0075
Attention training complete.
