
=== Z-Sensitivity Diagnostic ===
Checkpoint: checkpoints/exp_beta_001/model_latest.pt
Model type: standard
Loading data (season 2019-26)...
  val rows: 33892
  val games: 1579

--- P(over|z) std across 200 z samples ---
  Mean  : 0.0200
  Std   : 0.0092
  Median: 0.0185
  p95   : 0.0377
  Max   : 0.0681

--- Same-team P(over|z) trace correlation ---
  n pairs : 265125
  Mean    : 0.8049
  Std     : 0.1572
  Median  : 0.8546

--- KL / latent dim ---
  KL/dim mean  : 0.2752
  KL/dim std   : 0.0278
  KL/dim max   : 0.3327
  KL/dim min   : 0.1931

--- z distribution stats ---
  mu_z std across games (mean over dims): 0.4866
  sigma_z mean (posterior spread):        0.6579

--- Example games: P(over|z) across 200 z samples ---

  Game 1:
    Player 1 (points): mean=0.599  std=0.0183  range=[0.537, 0.638]
    Player 2 (points): mean=0.643  std=0.0157  range=[0.587, 0.675]
    Player 3 (points): mean=0.559  std=0.0254  range=[0.506, 0.624]

  Game 2:
    Player 1 (points): mean=0.467  std=0.0308  range=[0.396, 0.575]
    Player 2 (points): mean=0.533  std=0.0136  range=[0.475, 0.567]
    Player 3 (points): mean=0.462  std=0.0190  range=[0.413, 0.542]

  Game 3:
    Player 1 (points): mean=0.589  std=0.0154  range=[0.535, 0.632]
    Player 2 (points): mean=0.538  std=0.0159  range=[0.489, 0.578]
    Player 3 (points): mean=0.576  std=0.0199  range=[0.505, 0.614]
