MI Config: BETA=0.001, lambda_mi=0.5, epochs=150, ckpt_dir=checkpoints/exp_mi_1
Loading data...
  170772 rows loaded
  train=136880  val=33892
Building tensors and loaders...
  make_loaders done
  team_dim=256  player_dim=24
--no-resume flag set — starting from epoch 0.
Training MI model epochs 0–149
Epoch 000/149 | beta 0.00000  lambda_mi 0.00000 | train recon 0.4977  kl/dim 0.568  mi -0.00865 | val recon 0.4808  kl/dim 0.829
Epoch 001/149 | beta 0.00007  lambda_mi 0.00833 | train recon 0.4710  kl/dim 0.738  mi -0.00595 | val recon 0.4737  kl/dim 0.675
Epoch 002/149 | beta 0.00013  lambda_mi 0.01667 | train recon 0.4645  kl/dim 0.615  mi -0.00541 | val recon 0.4714  kl/dim 0.476
Epoch 003/149 | beta 0.00020  lambda_mi 0.02500 | train recon 0.4612  kl/dim 0.558  mi -0.00520 | val recon 0.4691  kl/dim 0.496
Epoch 004/149 | beta 0.00027  lambda_mi 0.03333 | train recon 0.4581  kl/dim 0.546  mi -0.00538 | val recon 0.4677  kl/dim 0.458
Epoch 005/149 | beta 0.00033  lambda_mi 0.04167 | train recon 0.4578  kl/dim 0.530  mi -0.00566 | val recon 0.4689  kl/dim 0.392
Epoch 006/149 | beta 0.00040  lambda_mi 0.05000 | train recon 0.4560  kl/dim 0.519  mi -0.00567 | val recon 0.4674  kl/dim 0.423
Epoch 007/149 | beta 0.00047  lambda_mi 0.05833 | train recon 0.4547  kl/dim 0.513  mi -0.00635 | val recon 0.4669  kl/dim 0.420
Epoch 008/149 | beta 0.00053  lambda_mi 0.06667 | train recon 0.4540  kl/dim 0.511  mi -0.00663 | val recon 0.4661  kl/dim 0.414
Epoch 009/149 | beta 0.00060  lambda_mi 0.07500 | train recon 0.4527  kl/dim 0.506  mi -0.00670 | val recon 0.4671  kl/dim 0.347
Epoch 010/149 | beta 0.00067  lambda_mi 0.08333 | train recon 0.4532  kl/dim 0.510  mi -0.00694 | val recon 0.4655  kl/dim 0.391
Epoch 011/149 | beta 0.00073  lambda_mi 0.09167 | train recon 0.4525  kl/dim 0.506  mi -0.00746 | val recon 0.4650  kl/dim 0.394
Epoch 012/149 | beta 0.00080  lambda_mi 0.10000 | train recon 0.4508  kl/dim 0.507  mi -0.00817 | val recon 0.4654  kl/dim 0.381
Epoch 013/149 | beta 0.00087  lambda_mi 0.10833 | train recon 0.4505  kl/dim 0.512  mi -0.00826 | val recon 0.4645  kl/dim 0.330
Epoch 014/149 | beta 0.00093  lambda_mi 0.11667 | train recon 0.4496  kl/dim 0.504  mi -0.00904 | val recon 0.4649  kl/dim 0.325
Epoch 015/149 | beta 0.00100  lambda_mi 0.12500 | train recon 0.4492  kl/dim 0.506  mi -0.00938 | val recon 0.4639  kl/dim 0.277
Epoch 016/149 | beta 0.00100  lambda_mi 0.13333 | train recon 0.4484  kl/dim 0.506  mi -0.01069 | val recon 0.4632  kl/dim 0.325
Epoch 017/149 | beta 0.00100  lambda_mi 0.14167 | train recon 0.4465  kl/dim 0.506  mi -0.01132 | val recon 0.4629  kl/dim 0.310
Epoch 018/149 | beta 0.00100  lambda_mi 0.15000 | train recon 0.4462  kl/dim 0.506  mi -0.01152 | val recon 0.4621  kl/dim 0.368
Epoch 019/149 | beta 0.00100  lambda_mi 0.15833 | train recon 0.4456  kl/dim 0.506  mi -0.01203 | val recon 0.4623  kl/dim 0.316
Epoch 020/149 | beta 0.00100  lambda_mi 0.16667 | train recon 0.4463  kl/dim 0.508  mi -0.01239 | val recon 0.4614  kl/dim 0.339
Epoch 021/149 | beta 0.00100  lambda_mi 0.17500 | train recon 0.4461  kl/dim 0.509  mi -0.01273 | val recon 0.4620  kl/dim 0.308
Epoch 022/149 | beta 0.00100  lambda_mi 0.18333 | train recon 0.4443  kl/dim 0.505  mi -0.01335 | val recon 0.4615  kl/dim 0.333
Epoch 023/149 | beta 0.00100  lambda_mi 0.19167 | train recon 0.4451  kl/dim 0.506  mi -0.01417 | val recon 0.4612  kl/dim 0.322
Epoch 024/149 | beta 0.00100  lambda_mi 0.20000 | train recon 0.4439  kl/dim 0.506  mi -0.01477 | val recon 0.4614  kl/dim 0.343
Epoch 025/149 | beta 0.00100  lambda_mi 0.20833 | train recon 0.4423  kl/dim 0.506  mi -0.01533 | val recon 0.4611  kl/dim 0.317
Epoch 026/149 | beta 0.00100  lambda_mi 0.21667 | train recon 0.4437  kl/dim 0.507  mi -0.01634 | val recon 0.4608  kl/dim 0.332
Epoch 027/149 | beta 0.00100  lambda_mi 0.22500 | train recon 0.4440  kl/dim 0.506  mi -0.01626 | val recon 0.4619  kl/dim 0.339
Epoch 028/149 | beta 0.00100  lambda_mi 0.23333 | train recon 0.4427  kl/dim 0.506  mi -0.01764 | val recon 0.4623  kl/dim 0.342
Epoch 029/149 | beta 0.00100  lambda_mi 0.24167 | train recon 0.4426  kl/dim 0.506  mi -0.01868 | val recon 0.4623  kl/dim 0.324
Epoch 030/149 | beta 0.00100  lambda_mi 0.25000 | train recon 0.4436  kl/dim 0.506  mi -0.01971 | val recon 0.4624  kl/dim 0.311
Epoch 031/149 | beta 0.00100  lambda_mi 0.25833 | train recon 0.4412  kl/dim 0.506  mi -0.02162 | val recon 0.4622  kl/dim 0.321
Epoch 032/149 | beta 0.00100  lambda_mi 0.26667 | train recon 0.4432  kl/dim 0.506  mi -0.02290 | val recon 0.4625  kl/dim 0.323
Epoch 033/149 | beta 0.00100  lambda_mi 0.27500 | train recon 0.4434  kl/dim 0.506  mi -0.02495 | val recon 0.4629  kl/dim 0.314
Epoch 034/149 | beta 0.00100  lambda_mi 0.28333 | train recon 0.4430  kl/dim 0.505  mi -0.02622 | val recon 0.4622  kl/dim 0.307
Epoch 035/149 | beta 0.00100  lambda_mi 0.29167 | train recon 0.4435  kl/dim 0.505  mi -0.03079 | val recon 0.4633  kl/dim 0.344
Epoch 036/149 | beta 0.00100  lambda_mi 0.30000 | train recon 0.4473  kl/dim 0.506  mi -0.03784 | val recon 0.4652  kl/dim 0.291
Epoch 037/149 | beta 0.00100  lambda_mi 0.30833 | train recon 48670.6176  kl/dim 15408.477  mi -1451198160.07748 | val recon 9514545800.6690  kl/dim 44812954895.332
Epoch 038/149 | beta 0.00100  lambda_mi 0.31667 | train recon nan  kl/dim nan  mi nan | val recon nan  kl/dim nan
Epoch 039/149 | beta 0.00100  lambda_mi 0.32500 | train recon nan  kl/dim nan  mi nan | val recon nan  kl/dim nan
Epoch 040/149 | beta 0.00100  lambda_mi 0.33333 | train recon nan  kl/dim nan  mi nan | val recon nan  kl/dim nan
Epoch 041/149 | beta 0.00100  lambda_mi 0.34167 | train recon nan  kl/dim nan  mi nan | val recon nan  kl/dim nan
Epoch 042/149 | beta 0.00100  lambda_mi 0.35000 | train recon nan  kl/dim nan  mi nan | val recon nan  kl/dim nan
Epoch 043/149 | beta 0.00100  lambda_mi 0.35833 | train recon nan  kl/dim nan  mi nan | val recon nan  kl/dim nan
Epoch 044/149 | beta 0.00100  lambda_mi 0.36667 | train recon nan  kl/dim nan  mi nan | val recon nan  kl/dim nan
Epoch 045/149 | beta 0.00100  lambda_mi 0.37500 | train recon nan  kl/dim nan  mi nan | val recon nan  kl/dim nan
Epoch 046/149 | beta 0.00100  lambda_mi 0.38333 | train recon nan  kl/dim nan  mi nan | val recon nan  kl/dim nan
Epoch 047/149 | beta 0.00100  lambda_mi 0.39167 | train recon nan  kl/dim nan  mi nan | val recon nan  kl/dim nan
Epoch 048/149 | beta 0.00100  lambda_mi 0.40000 | train recon nan  kl/dim nan  mi nan | val recon nan  kl/dim nan
Epoch 049/149 | beta 0.00100  lambda_mi 0.40833 | train recon nan  kl/dim nan  mi nan | val recon nan  kl/dim nan
Epoch 050/149 | beta 0.00100  lambda_mi 0.41667 | train recon nan  kl/dim nan  mi nan | val recon nan  kl/dim nan
Epoch 051/149 | beta 0.00100  lambda_mi 0.42500 | train recon nan  kl/dim nan  mi nan | val recon nan  kl/dim nan
Epoch 052/149 | beta 0.00100  lambda_mi 0.43333 | train recon nan  kl/dim nan  mi nan | val recon nan  kl/dim nan
Epoch 053/149 | beta 0.00100  lambda_mi 0.44167 | train recon nan  kl/dim nan  mi nan | val recon nan  kl/dim nan
Epoch 054/149 | beta 0.00100  lambda_mi 0.45000 | train recon nan  kl/dim nan  mi nan | val recon nan  kl/dim nan
Epoch 055/149 | beta 0.00100  lambda_mi 0.45833 | train recon nan  kl/dim nan  mi nan | val recon nan  kl/dim nan
Epoch 056/149 | beta 0.00100  lambda_mi 0.46667 | train recon nan  kl/dim nan  mi nan | val recon nan  kl/dim nan
Epoch 057/149 | beta 0.00100  lambda_mi 0.47500 | train recon nan  kl/dim nan  mi nan | val recon nan  kl/dim nan
Epoch 058/149 | beta 0.00100  lambda_mi 0.48333 | train recon nan  kl/dim nan  mi nan | val recon nan  kl/dim nan
Epoch 059/149 | beta 0.00100  lambda_mi 0.49167 | train recon nan  kl/dim nan  mi nan | val recon nan  kl/dim nan
Epoch 060/149 | beta 0.00100  lambda_mi 0.50000 | train recon nan  kl/dim nan  mi nan | val recon nan  kl/dim nan
Epoch 061/149 | beta 0.00100  lambda_mi 0.50000 | train recon nan  kl/dim nan  mi nan | val recon nan  kl/dim nan
Epoch 062/149 | beta 0.00100  lambda_mi 0.50000 | train recon nan  kl/dim nan  mi nan | val recon nan  kl/dim nan
Epoch 063/149 | beta 0.00100  lambda_mi 0.50000 | train recon nan  kl/dim nan  mi nan | val recon nan  kl/dim nan
Epoch 064/149 | beta 0.00100  lambda_mi 0.50000 | train recon nan  kl/dim nan  mi nan | val recon nan  kl/dim nan
Epoch 065/149 | beta 0.00100  lambda_mi 0.50000 | train recon nan  kl/dim nan  mi nan | val recon nan  kl/dim nan
Epoch 066/149 | beta 0.00100  lambda_mi 0.50000 | train recon nan  kl/dim nan  mi nan | val recon nan  kl/dim nan
Epoch 067/149 | beta 0.00100  lambda_mi 0.50000 | train recon nan  kl/dim nan  mi nan | val recon nan  kl/dim nan
Epoch 068/149 | beta 0.00100  lambda_mi 0.50000 | train recon nan  kl/dim nan  mi nan | val recon nan  kl/dim nan
Epoch 069/149 | beta 0.00100  lambda_mi 0.50000 | train recon nan  kl/dim nan  mi nan | val recon nan  kl/dim nan
Epoch 070/149 | beta 0.00100  lambda_mi 0.50000 | train recon nan  kl/dim nan  mi nan | val recon nan  kl/dim nan
Epoch 071/149 | beta 0.00100  lambda_mi 0.50000 | train recon nan  kl/dim nan  mi nan | val recon nan  kl/dim nan
Epoch 072/149 | beta 0.00100  lambda_mi 0.50000 | train recon nan  kl/dim nan  mi nan | val recon nan  kl/dim nan
Epoch 073/149 | beta 0.00100  lambda_mi 0.50000 | train recon nan  kl/dim nan  mi nan | val recon nan  kl/dim nan
Epoch 074/149 | beta 0.00100  lambda_mi 0.50000 | train recon nan  kl/dim nan  mi nan | val recon nan  kl/dim nan
Epoch 075/149 | beta 0.00100  lambda_mi 0.50000 | train recon nan  kl/dim nan  mi nan | val recon nan  kl/dim nan
Epoch 076/149 | beta 0.00100  lambda_mi 0.50000 | train recon nan  kl/dim nan  mi nan | val recon nan  kl/dim nan
Epoch 077/149 | beta 0.00100  lambda_mi 0.50000 | train recon nan  kl/dim nan  mi nan | val recon nan  kl/dim nan
Epoch 078/149 | beta 0.00100  lambda_mi 0.50000 | train recon nan  kl/dim nan  mi nan | val recon nan  kl/dim nan
Epoch 079/149 | beta 0.00100  lambda_mi 0.50000 | train recon nan  kl/dim nan  mi nan | val recon nan  kl/dim nan
Epoch 080/149 | beta 0.00100  lambda_mi 0.50000 | train recon nan  kl/dim nan  mi nan | val recon nan  kl/dim nan
Epoch 081/149 | beta 0.00100  lambda_mi 0.50000 | train recon nan  kl/dim nan  mi nan | val recon nan  kl/dim nan
Epoch 082/149 | beta 0.00100  lambda_mi 0.50000 | train recon nan  kl/dim nan  mi nan | val recon nan  kl/dim nan
Epoch 083/149 | beta 0.00100  lambda_mi 0.50000 | train recon nan  kl/dim nan  mi nan | val recon nan  kl/dim nan
Epoch 084/149 | beta 0.00100  lambda_mi 0.50000 | train recon nan  kl/dim nan  mi nan | val recon nan  kl/dim nan
Epoch 085/149 | beta 0.00100  lambda_mi 0.50000 | train recon nan  kl/dim nan  mi nan | val recon nan  kl/dim nan
Epoch 086/149 | beta 0.00100  lambda_mi 0.50000 | train recon nan  kl/dim nan  mi nan | val recon nan  kl/dim nan
Epoch 087/149 | beta 0.00100  lambda_mi 0.50000 | train recon nan  kl/dim nan  mi nan | val recon nan  kl/dim nan
Epoch 088/149 | beta 0.00100  lambda_mi 0.50000 | train recon nan  kl/dim nan  mi nan | val recon nan  kl/dim nan
Epoch 089/149 | beta 0.00100  lambda_mi 0.50000 | train recon nan  kl/dim nan  mi nan | val recon nan  kl/dim nan
Epoch 090/149 | beta 0.00100  lambda_mi 0.50000 | train recon nan  kl/dim nan  mi nan | val recon nan  kl/dim nan
Epoch 091/149 | beta 0.00100  lambda_mi 0.50000 | train recon nan  kl/dim nan  mi nan | val recon nan  kl/dim nan
Epoch 092/149 | beta 0.00100  lambda_mi 0.50000 | train recon nan  kl/dim nan  mi nan | val recon nan  kl/dim nan
Epoch 093/149 | beta 0.00100  lambda_mi 0.50000 | train recon nan  kl/dim nan  mi nan | val recon nan  kl/dim nan
Epoch 094/149 | beta 0.00100  lambda_mi 0.50000 | train recon nan  kl/dim nan  mi nan | val recon nan  kl/dim nan
Epoch 095/149 | beta 0.00100  lambda_mi 0.50000 | train recon nan  kl/dim nan  mi nan | val recon nan  kl/dim nan
Epoch 096/149 | beta 0.00100  lambda_mi 0.50000 | train recon nan  kl/dim nan  mi nan | val recon nan  kl/dim nan
Epoch 097/149 | beta 0.00100  lambda_mi 0.50000 | train recon nan  kl/dim nan  mi nan | val recon nan  kl/dim nan
Epoch 098/149 | beta 0.00100  lambda_mi 0.50000 | train recon nan  kl/dim nan  mi nan | val recon nan  kl/dim nan
Epoch 099/149 | beta 0.00100  lambda_mi 0.50000 | train recon nan  kl/dim nan  mi nan | val recon nan  kl/dim nan
Epoch 100/149 | beta 0.00100  lambda_mi 0.50000 | train recon nan  kl/dim nan  mi nan | val recon nan  kl/dim nan
Epoch 101/149 | beta 0.00100  lambda_mi 0.50000 | train recon nan  kl/dim nan  mi nan | val recon nan  kl/dim nan
Epoch 102/149 | beta 0.00100  lambda_mi 0.50000 | train recon nan  kl/dim nan  mi nan | val recon nan  kl/dim nan
Epoch 103/149 | beta 0.00100  lambda_mi 0.50000 | train recon nan  kl/dim nan  mi nan | val recon nan  kl/dim nan
Epoch 104/149 | beta 0.00100  lambda_mi 0.50000 | train recon nan  kl/dim nan  mi nan | val recon nan  kl/dim nan
Epoch 105/149 | beta 0.00100  lambda_mi 0.50000 | train recon nan  kl/dim nan  mi nan | val recon nan  kl/dim nan
Epoch 106/149 | beta 0.00100  lambda_mi 0.50000 | train recon nan  kl/dim nan  mi nan | val recon nan  kl/dim nan
Epoch 107/149 | beta 0.00100  lambda_mi 0.50000 | train recon nan  kl/dim nan  mi nan | val recon nan  kl/dim nan
Epoch 108/149 | beta 0.00100  lambda_mi 0.50000 | train recon nan  kl/dim nan  mi nan | val recon nan  kl/dim nan
Epoch 109/149 | beta 0.00100  lambda_mi 0.50000 | train recon nan  kl/dim nan  mi nan | val recon nan  kl/dim nan
Epoch 110/149 | beta 0.00100  lambda_mi 0.50000 | train recon nan  kl/dim nan  mi nan | val recon nan  kl/dim nan
Epoch 111/149 | beta 0.00100  lambda_mi 0.50000 | train recon nan  kl/dim nan  mi nan | val recon nan  kl/dim nan
Epoch 112/149 | beta 0.00100  lambda_mi 0.50000 | train recon nan  kl/dim nan  mi nan | val recon nan  kl/dim nan
Epoch 113/149 | beta 0.00100  lambda_mi 0.50000 | train recon nan  kl/dim nan  mi nan | val recon nan  kl/dim nan
Epoch 114/149 | beta 0.00100  lambda_mi 0.50000 | train recon nan  kl/dim nan  mi nan | val recon nan  kl/dim nan
Epoch 115/149 | beta 0.00100  lambda_mi 0.50000 | train recon nan  kl/dim nan  mi nan | val recon nan  kl/dim nan
Epoch 116/149 | beta 0.00100  lambda_mi 0.50000 | train recon nan  kl/dim nan  mi nan | val recon nan  kl/dim nan
Epoch 117/149 | beta 0.00100  lambda_mi 0.50000 | train recon nan  kl/dim nan  mi nan | val recon nan  kl/dim nan
Epoch 118/149 | beta 0.00100  lambda_mi 0.50000 | train recon nan  kl/dim nan  mi nan | val recon nan  kl/dim nan
Epoch 119/149 | beta 0.00100  lambda_mi 0.50000 | train recon nan  kl/dim nan  mi nan | val recon nan  kl/dim nan
Epoch 120/149 | beta 0.00100  lambda_mi 0.50000 | train recon nan  kl/dim nan  mi nan | val recon nan  kl/dim nan
Epoch 121/149 | beta 0.00100  lambda_mi 0.50000 | train recon nan  kl/dim nan  mi nan | val recon nan  kl/dim nan
Epoch 122/149 | beta 0.00100  lambda_mi 0.50000 | train recon nan  kl/dim nan  mi nan | val recon nan  kl/dim nan
Epoch 123/149 | beta 0.00100  lambda_mi 0.50000 | train recon nan  kl/dim nan  mi nan | val recon nan  kl/dim nan
Epoch 124/149 | beta 0.00100  lambda_mi 0.50000 | train recon nan  kl/dim nan  mi nan | val recon nan  kl/dim nan
Epoch 125/149 | beta 0.00100  lambda_mi 0.50000 | train recon nan  kl/dim nan  mi nan | val recon nan  kl/dim nan
Epoch 126/149 | beta 0.00100  lambda_mi 0.50000 | train recon nan  kl/dim nan  mi nan | val recon nan  kl/dim nan
Epoch 127/149 | beta 0.00100  lambda_mi 0.50000 | train recon nan  kl/dim nan  mi nan | val recon nan  kl/dim nan
Epoch 128/149 | beta 0.00100  lambda_mi 0.50000 | train recon nan  kl/dim nan  mi nan | val recon nan  kl/dim nan
Epoch 129/149 | beta 0.00100  lambda_mi 0.50000 | train recon nan  kl/dim nan  mi nan | val recon nan  kl/dim nan
Epoch 130/149 | beta 0.00100  lambda_mi 0.50000 | train recon nan  kl/dim nan  mi nan | val recon nan  kl/dim nan
Epoch 131/149 | beta 0.00100  lambda_mi 0.50000 | train recon nan  kl/dim nan  mi nan | val recon nan  kl/dim nan
Epoch 132/149 | beta 0.00100  lambda_mi 0.50000 | train recon nan  kl/dim nan  mi nan | val recon nan  kl/dim nan
Epoch 133/149 | beta 0.00100  lambda_mi 0.50000 | train recon nan  kl/dim nan  mi nan | val recon nan  kl/dim nan
Epoch 134/149 | beta 0.00100  lambda_mi 0.50000 | train recon nan  kl/dim nan  mi nan | val recon nan  kl/dim nan
Epoch 135/149 | beta 0.00100  lambda_mi 0.50000 | train recon nan  kl/dim nan  mi nan | val recon nan  kl/dim nan
Epoch 136/149 | beta 0.00100  lambda_mi 0.50000 | train recon nan  kl/dim nan  mi nan | val recon nan  kl/dim nan
Epoch 137/149 | beta 0.00100  lambda_mi 0.50000 | train recon nan  kl/dim nan  mi nan | val recon nan  kl/dim nan
Epoch 138/149 | beta 0.00100  lambda_mi 0.50000 | train recon nan  kl/dim nan  mi nan | val recon nan  kl/dim nan
Epoch 139/149 | beta 0.00100  lambda_mi 0.50000 | train recon nan  kl/dim nan  mi nan | val recon nan  kl/dim nan
Epoch 140/149 | beta 0.00100  lambda_mi 0.50000 | train recon nan  kl/dim nan  mi nan | val recon nan  kl/dim nan
Epoch 141/149 | beta 0.00100  lambda_mi 0.50000 | train recon nan  kl/dim nan  mi nan | val recon nan  kl/dim nan
Epoch 142/149 | beta 0.00100  lambda_mi 0.50000 | train recon nan  kl/dim nan  mi nan | val recon nan  kl/dim nan
Epoch 143/149 | beta 0.00100  lambda_mi 0.50000 | train recon nan  kl/dim nan  mi nan | val recon nan  kl/dim nan
Epoch 144/149 | beta 0.00100  lambda_mi 0.50000 | train recon nan  kl/dim nan  mi nan | val recon nan  kl/dim nan
Epoch 145/149 | beta 0.00100  lambda_mi 0.50000 | train recon nan  kl/dim nan  mi nan | val recon nan  kl/dim nan
Epoch 146/149 | beta 0.00100  lambda_mi 0.50000 | train recon nan  kl/dim nan  mi nan | val recon nan  kl/dim nan
Epoch 147/149 | beta 0.00100  lambda_mi 0.50000 | train recon nan  kl/dim nan  mi nan | val recon nan  kl/dim nan
Epoch 148/149 | beta 0.00100  lambda_mi 0.50000 | train recon nan  kl/dim nan  mi nan | val recon nan  kl/dim nan
Epoch 149/149 | beta 0.00100  lambda_mi 0.50000 | train recon nan  kl/dim nan  mi nan | val recon nan  kl/dim nan
MI training complete.
