MI Config: BETA=0.01, lambda_mi=1.0, epochs=150, ckpt_dir=checkpoints/exp_mi_5
Loading data...
  170772 rows loaded
  train=136880  val=33892
Building tensors and loaders...
  make_loaders done
  team_dim=256  player_dim=24
--no-resume flag set — starting from epoch 0.
Training MI model epochs 0–149
Epoch 000/149 | beta 0.00000  lambda_mi 0.00000 | train recon 0.4946  kl/dim 0.547  mi -0.00791 | val recon 0.4828  kl/dim 0.661
Epoch 001/149 | beta 0.00067  lambda_mi 0.01667 | train recon 0.4704  kl/dim 0.516  mi -0.00604 | val recon 0.4760  kl/dim 0.385
Epoch 002/149 | beta 0.00133  lambda_mi 0.03333 | train recon 0.4643  kl/dim 0.503  mi -0.00572 | val recon 0.4713  kl/dim 0.375
Epoch 003/149 | beta 0.00200  lambda_mi 0.05000 | train recon 0.4604  kl/dim 0.502  mi -0.00567 | val recon 0.4701  kl/dim 0.368
Epoch 004/149 | beta 0.00267  lambda_mi 0.06667 | train recon 0.4585  kl/dim 0.501  mi -0.00580 | val recon 0.4692  kl/dim 0.310
Epoch 005/149 | beta 0.00333  lambda_mi 0.08333 | train recon 0.4577  kl/dim 0.501  mi -0.00576 | val recon 0.4678  kl/dim 0.381
Epoch 006/149 | beta 0.00400  lambda_mi 0.10000 | train recon 0.4563  kl/dim 0.502  mi -0.00617 | val recon 0.4674  kl/dim 0.329
Epoch 007/149 | beta 0.00467  lambda_mi 0.11667 | train recon 0.4554  kl/dim 0.501  mi -0.00664 | val recon 0.4681  kl/dim 0.260
Epoch 008/149 | beta 0.00533  lambda_mi 0.13333 | train recon 0.4548  kl/dim 0.501  mi -0.00704 | val recon 0.4678  kl/dim 0.203
Epoch 009/149 | beta 0.00600  lambda_mi 0.15000 | train recon 0.4533  kl/dim 0.501  mi -0.00752 | val recon 0.4670  kl/dim 0.259
Epoch 010/149 | beta 0.00667  lambda_mi 0.16667 | train recon 0.4531  kl/dim 0.500  mi -0.00810 | val recon 0.4660  kl/dim 0.293
Epoch 011/149 | beta 0.00733  lambda_mi 0.18333 | train recon 0.4519  kl/dim 0.501  mi -0.00992 | val recon 0.4647  kl/dim 0.274
Epoch 012/149 | beta 0.00800  lambda_mi 0.20000 | train recon 0.4524  kl/dim 0.501  mi -0.01073 | val recon 0.4642  kl/dim 0.300
Epoch 013/149 | beta 0.00867  lambda_mi 0.21667 | train recon 0.4514  kl/dim 0.500  mi -0.01194 | val recon 0.4640  kl/dim 0.239
Epoch 014/149 | beta 0.00933  lambda_mi 0.23333 | train recon 0.4504  kl/dim 0.501  mi -0.01338 | val recon 0.4642  kl/dim 0.193
Epoch 015/149 | beta 0.01000  lambda_mi 0.25000 | train recon 0.4487  kl/dim 0.500  mi -0.01457 | val recon 0.4631  kl/dim 0.249
Epoch 016/149 | beta 0.01000  lambda_mi 0.26667 | train recon 0.4499  kl/dim 0.500  mi -0.01597 | val recon 0.4621  kl/dim 0.253
Epoch 017/149 | beta 0.01000  lambda_mi 0.28333 | train recon 0.4486  kl/dim 0.500  mi -0.01736 | val recon 0.4630  kl/dim 0.264
Epoch 018/149 | beta 0.01000  lambda_mi 0.30000 | train recon 0.4486  kl/dim 0.502  mi -0.02096 | val recon 0.4631  kl/dim 0.216
Epoch 019/149 | beta 0.01000  lambda_mi 0.31667 | train recon 0.4497  kl/dim 0.500  mi -0.02276 | val recon 0.4643  kl/dim 0.256
Epoch 020/149 | beta 0.01000  lambda_mi 0.33333 | train recon 0.4497  kl/dim 0.500  mi -0.02697 | val recon 0.4639  kl/dim 0.183
Epoch 021/149 | beta 0.01000  lambda_mi 0.35000 | train recon 0.4521  kl/dim 0.500  mi -0.03248 | val recon 0.4659  kl/dim 0.202
Epoch 022/149 | beta 0.01000  lambda_mi 0.36667 | train recon 0.4610  kl/dim 0.500  mi -0.06488 | val recon 0.4809  kl/dim 0.229
Epoch 023/149 | beta 0.01000  lambda_mi 0.38333 | train recon nan  kl/dim nan  mi nan | val recon nan  kl/dim nan
Epoch 024/149 | beta 0.01000  lambda_mi 0.40000 | train recon nan  kl/dim nan  mi nan | val recon nan  kl/dim nan
Epoch 025/149 | beta 0.01000  lambda_mi 0.41667 | train recon nan  kl/dim nan  mi nan | val recon nan  kl/dim nan
Epoch 026/149 | beta 0.01000  lambda_mi 0.43333 | train recon nan  kl/dim nan  mi nan | val recon nan  kl/dim nan
Epoch 027/149 | beta 0.01000  lambda_mi 0.45000 | train recon nan  kl/dim nan  mi nan | val recon nan  kl/dim nan
Epoch 028/149 | beta 0.01000  lambda_mi 0.46667 | train recon nan  kl/dim nan  mi nan | val recon nan  kl/dim nan
Epoch 029/149 | beta 0.01000  lambda_mi 0.48333 | train recon nan  kl/dim nan  mi nan | val recon nan  kl/dim nan
Epoch 030/149 | beta 0.01000  lambda_mi 0.50000 | train recon nan  kl/dim nan  mi nan | val recon nan  kl/dim nan
Epoch 031/149 | beta 0.01000  lambda_mi 0.51667 | train recon nan  kl/dim nan  mi nan | val recon nan  kl/dim nan
Epoch 032/149 | beta 0.01000  lambda_mi 0.53333 | train recon nan  kl/dim nan  mi nan | val recon nan  kl/dim nan
Epoch 033/149 | beta 0.01000  lambda_mi 0.55000 | train recon nan  kl/dim nan  mi nan | val recon nan  kl/dim nan
Epoch 034/149 | beta 0.01000  lambda_mi 0.56667 | train recon nan  kl/dim nan  mi nan | val recon nan  kl/dim nan
Epoch 035/149 | beta 0.01000  lambda_mi 0.58333 | train recon nan  kl/dim nan  mi nan | val recon nan  kl/dim nan
Epoch 036/149 | beta 0.01000  lambda_mi 0.60000 | train recon nan  kl/dim nan  mi nan | val recon nan  kl/dim nan
Epoch 037/149 | beta 0.01000  lambda_mi 0.61667 | train recon nan  kl/dim nan  mi nan | val recon nan  kl/dim nan
Epoch 038/149 | beta 0.01000  lambda_mi 0.63333 | train recon nan  kl/dim nan  mi nan | val recon nan  kl/dim nan
Epoch 039/149 | beta 0.01000  lambda_mi 0.65000 | train recon nan  kl/dim nan  mi nan | val recon nan  kl/dim nan
Epoch 040/149 | beta 0.01000  lambda_mi 0.66667 | train recon nan  kl/dim nan  mi nan | val recon nan  kl/dim nan
Epoch 041/149 | beta 0.01000  lambda_mi 0.68333 | train recon nan  kl/dim nan  mi nan | val recon nan  kl/dim nan
Epoch 042/149 | beta 0.01000  lambda_mi 0.70000 | train recon nan  kl/dim nan  mi nan | val recon nan  kl/dim nan
Epoch 043/149 | beta 0.01000  lambda_mi 0.71667 | train recon nan  kl/dim nan  mi nan | val recon nan  kl/dim nan
Epoch 044/149 | beta 0.01000  lambda_mi 0.73333 | train recon nan  kl/dim nan  mi nan | val recon nan  kl/dim nan
Epoch 045/149 | beta 0.01000  lambda_mi 0.75000 | train recon nan  kl/dim nan  mi nan | val recon nan  kl/dim nan
Epoch 046/149 | beta 0.01000  lambda_mi 0.76667 | train recon nan  kl/dim nan  mi nan | val recon nan  kl/dim nan
Epoch 047/149 | beta 0.01000  lambda_mi 0.78333 | train recon nan  kl/dim nan  mi nan | val recon nan  kl/dim nan
Epoch 048/149 | beta 0.01000  lambda_mi 0.80000 | train recon nan  kl/dim nan  mi nan | val recon nan  kl/dim nan
Epoch 049/149 | beta 0.01000  lambda_mi 0.81667 | train recon nan  kl/dim nan  mi nan | val recon nan  kl/dim nan
Epoch 050/149 | beta 0.01000  lambda_mi 0.83333 | train recon nan  kl/dim nan  mi nan | val recon nan  kl/dim nan
Epoch 051/149 | beta 0.01000  lambda_mi 0.85000 | train recon nan  kl/dim nan  mi nan | val recon nan  kl/dim nan
Epoch 052/149 | beta 0.01000  lambda_mi 0.86667 | train recon nan  kl/dim nan  mi nan | val recon nan  kl/dim nan
Epoch 053/149 | beta 0.01000  lambda_mi 0.88333 | train recon nan  kl/dim nan  mi nan | val recon nan  kl/dim nan
Epoch 054/149 | beta 0.01000  lambda_mi 0.90000 | train recon nan  kl/dim nan  mi nan | val recon nan  kl/dim nan
Epoch 055/149 | beta 0.01000  lambda_mi 0.91667 | train recon nan  kl/dim nan  mi nan | val recon nan  kl/dim nan
Epoch 056/149 | beta 0.01000  lambda_mi 0.93333 | train recon nan  kl/dim nan  mi nan | val recon nan  kl/dim nan
Epoch 057/149 | beta 0.01000  lambda_mi 0.95000 | train recon nan  kl/dim nan  mi nan | val recon nan  kl/dim nan
Epoch 058/149 | beta 0.01000  lambda_mi 0.96667 | train recon nan  kl/dim nan  mi nan | val recon nan  kl/dim nan
Epoch 059/149 | beta 0.01000  lambda_mi 0.98333 | train recon nan  kl/dim nan  mi nan | val recon nan  kl/dim nan
Epoch 060/149 | beta 0.01000  lambda_mi 1.00000 | train recon nan  kl/dim nan  mi nan | val recon nan  kl/dim nan
Epoch 061/149 | beta 0.01000  lambda_mi 1.00000 | train recon nan  kl/dim nan  mi nan | val recon nan  kl/dim nan
Epoch 062/149 | beta 0.01000  lambda_mi 1.00000 | train recon nan  kl/dim nan  mi nan | val recon nan  kl/dim nan
Epoch 063/149 | beta 0.01000  lambda_mi 1.00000 | train recon nan  kl/dim nan  mi nan | val recon nan  kl/dim nan
Epoch 064/149 | beta 0.01000  lambda_mi 1.00000 | train recon nan  kl/dim nan  mi nan | val recon nan  kl/dim nan
Epoch 065/149 | beta 0.01000  lambda_mi 1.00000 | train recon nan  kl/dim nan  mi nan | val recon nan  kl/dim nan
Epoch 066/149 | beta 0.01000  lambda_mi 1.00000 | train recon nan  kl/dim nan  mi nan | val recon nan  kl/dim nan
Epoch 067/149 | beta 0.01000  lambda_mi 1.00000 | train recon nan  kl/dim nan  mi nan | val recon nan  kl/dim nan
Epoch 068/149 | beta 0.01000  lambda_mi 1.00000 | train recon nan  kl/dim nan  mi nan | val recon nan  kl/dim nan
Epoch 069/149 | beta 0.01000  lambda_mi 1.00000 | train recon nan  kl/dim nan  mi nan | val recon nan  kl/dim nan
Epoch 070/149 | beta 0.01000  lambda_mi 1.00000 | train recon nan  kl/dim nan  mi nan | val recon nan  kl/dim nan
Epoch 071/149 | beta 0.01000  lambda_mi 1.00000 | train recon nan  kl/dim nan  mi nan | val recon nan  kl/dim nan
Epoch 072/149 | beta 0.01000  lambda_mi 1.00000 | train recon nan  kl/dim nan  mi nan | val recon nan  kl/dim nan
Epoch 073/149 | beta 0.01000  lambda_mi 1.00000 | train recon nan  kl/dim nan  mi nan | val recon nan  kl/dim nan
Epoch 074/149 | beta 0.01000  lambda_mi 1.00000 | train recon nan  kl/dim nan  mi nan | val recon nan  kl/dim nan
Epoch 075/149 | beta 0.01000  lambda_mi 1.00000 | train recon nan  kl/dim nan  mi nan | val recon nan  kl/dim nan
Epoch 076/149 | beta 0.01000  lambda_mi 1.00000 | train recon nan  kl/dim nan  mi nan | val recon nan  kl/dim nan
Epoch 077/149 | beta 0.01000  lambda_mi 1.00000 | train recon nan  kl/dim nan  mi nan | val recon nan  kl/dim nan
Epoch 078/149 | beta 0.01000  lambda_mi 1.00000 | train recon nan  kl/dim nan  mi nan | val recon nan  kl/dim nan
Epoch 079/149 | beta 0.01000  lambda_mi 1.00000 | train recon nan  kl/dim nan  mi nan | val recon nan  kl/dim nan
Epoch 080/149 | beta 0.01000  lambda_mi 1.00000 | train recon nan  kl/dim nan  mi nan | val recon nan  kl/dim nan
Epoch 081/149 | beta 0.01000  lambda_mi 1.00000 | train recon nan  kl/dim nan  mi nan | val recon nan  kl/dim nan
Epoch 082/149 | beta 0.01000  lambda_mi 1.00000 | train recon nan  kl/dim nan  mi nan | val recon nan  kl/dim nan
Epoch 083/149 | beta 0.01000  lambda_mi 1.00000 | train recon nan  kl/dim nan  mi nan | val recon nan  kl/dim nan
Epoch 084/149 | beta 0.01000  lambda_mi 1.00000 | train recon nan  kl/dim nan  mi nan | val recon nan  kl/dim nan
Epoch 085/149 | beta 0.01000  lambda_mi 1.00000 | train recon nan  kl/dim nan  mi nan | val recon nan  kl/dim nan
Epoch 086/149 | beta 0.01000  lambda_mi 1.00000 | train recon nan  kl/dim nan  mi nan | val recon nan  kl/dim nan
Epoch 087/149 | beta 0.01000  lambda_mi 1.00000 | train recon nan  kl/dim nan  mi nan | val recon nan  kl/dim nan
Epoch 088/149 | beta 0.01000  lambda_mi 1.00000 | train recon nan  kl/dim nan  mi nan | val recon nan  kl/dim nan
Epoch 089/149 | beta 0.01000  lambda_mi 1.00000 | train recon nan  kl/dim nan  mi nan | val recon nan  kl/dim nan
Epoch 090/149 | beta 0.01000  lambda_mi 1.00000 | train recon nan  kl/dim nan  mi nan | val recon nan  kl/dim nan
Epoch 091/149 | beta 0.01000  lambda_mi 1.00000 | train recon nan  kl/dim nan  mi nan | val recon nan  kl/dim nan
Epoch 092/149 | beta 0.01000  lambda_mi 1.00000 | train recon nan  kl/dim nan  mi nan | val recon nan  kl/dim nan
Epoch 093/149 | beta 0.01000  lambda_mi 1.00000 | train recon nan  kl/dim nan  mi nan | val recon nan  kl/dim nan
Epoch 094/149 | beta 0.01000  lambda_mi 1.00000 | train recon nan  kl/dim nan  mi nan | val recon nan  kl/dim nan
Epoch 095/149 | beta 0.01000  lambda_mi 1.00000 | train recon nan  kl/dim nan  mi nan | val recon nan  kl/dim nan
Epoch 096/149 | beta 0.01000  lambda_mi 1.00000 | train recon nan  kl/dim nan  mi nan | val recon nan  kl/dim nan
Epoch 097/149 | beta 0.01000  lambda_mi 1.00000 | train recon nan  kl/dim nan  mi nan | val recon nan  kl/dim nan
Epoch 098/149 | beta 0.01000  lambda_mi 1.00000 | train recon nan  kl/dim nan  mi nan | val recon nan  kl/dim nan
Epoch 099/149 | beta 0.01000  lambda_mi 1.00000 | train recon nan  kl/dim nan  mi nan | val recon nan  kl/dim nan
Epoch 100/149 | beta 0.01000  lambda_mi 1.00000 | train recon nan  kl/dim nan  mi nan | val recon nan  kl/dim nan
Epoch 101/149 | beta 0.01000  lambda_mi 1.00000 | train recon nan  kl/dim nan  mi nan | val recon nan  kl/dim nan
Epoch 102/149 | beta 0.01000  lambda_mi 1.00000 | train recon nan  kl/dim nan  mi nan | val recon nan  kl/dim nan
Epoch 103/149 | beta 0.01000  lambda_mi 1.00000 | train recon nan  kl/dim nan  mi nan | val recon nan  kl/dim nan
Epoch 104/149 | beta 0.01000  lambda_mi 1.00000 | train recon nan  kl/dim nan  mi nan | val recon nan  kl/dim nan
Epoch 105/149 | beta 0.01000  lambda_mi 1.00000 | train recon nan  kl/dim nan  mi nan | val recon nan  kl/dim nan
Epoch 106/149 | beta 0.01000  lambda_mi 1.00000 | train recon nan  kl/dim nan  mi nan | val recon nan  kl/dim nan
Epoch 107/149 | beta 0.01000  lambda_mi 1.00000 | train recon nan  kl/dim nan  mi nan | val recon nan  kl/dim nan
Epoch 108/149 | beta 0.01000  lambda_mi 1.00000 | train recon nan  kl/dim nan  mi nan | val recon nan  kl/dim nan
Epoch 109/149 | beta 0.01000  lambda_mi 1.00000 | train recon nan  kl/dim nan  mi nan | val recon nan  kl/dim nan
Epoch 110/149 | beta 0.01000  lambda_mi 1.00000 | train recon nan  kl/dim nan  mi nan | val recon nan  kl/dim nan
Epoch 111/149 | beta 0.01000  lambda_mi 1.00000 | train recon nan  kl/dim nan  mi nan | val recon nan  kl/dim nan
Epoch 112/149 | beta 0.01000  lambda_mi 1.00000 | train recon nan  kl/dim nan  mi nan | val recon nan  kl/dim nan
Epoch 113/149 | beta 0.01000  lambda_mi 1.00000 | train recon nan  kl/dim nan  mi nan | val recon nan  kl/dim nan
Epoch 114/149 | beta 0.01000  lambda_mi 1.00000 | train recon nan  kl/dim nan  mi nan | val recon nan  kl/dim nan
Epoch 115/149 | beta 0.01000  lambda_mi 1.00000 | train recon nan  kl/dim nan  mi nan | val recon nan  kl/dim nan
Epoch 116/149 | beta 0.01000  lambda_mi 1.00000 | train recon nan  kl/dim nan  mi nan | val recon nan  kl/dim nan
Epoch 117/149 | beta 0.01000  lambda_mi 1.00000 | train recon nan  kl/dim nan  mi nan | val recon nan  kl/dim nan
Epoch 118/149 | beta 0.01000  lambda_mi 1.00000 | train recon nan  kl/dim nan  mi nan | val recon nan  kl/dim nan
Epoch 119/149 | beta 0.01000  lambda_mi 1.00000 | train recon nan  kl/dim nan  mi nan | val recon nan  kl/dim nan
Epoch 120/149 | beta 0.01000  lambda_mi 1.00000 | train recon nan  kl/dim nan  mi nan | val recon nan  kl/dim nan
Epoch 121/149 | beta 0.01000  lambda_mi 1.00000 | train recon nan  kl/dim nan  mi nan | val recon nan  kl/dim nan
Epoch 122/149 | beta 0.01000  lambda_mi 1.00000 | train recon nan  kl/dim nan  mi nan | val recon nan  kl/dim nan
Epoch 123/149 | beta 0.01000  lambda_mi 1.00000 | train recon nan  kl/dim nan  mi nan | val recon nan  kl/dim nan
Epoch 124/149 | beta 0.01000  lambda_mi 1.00000 | train recon nan  kl/dim nan  mi nan | val recon nan  kl/dim nan
Epoch 125/149 | beta 0.01000  lambda_mi 1.00000 | train recon nan  kl/dim nan  mi nan | val recon nan  kl/dim nan
Epoch 126/149 | beta 0.01000  lambda_mi 1.00000 | train recon nan  kl/dim nan  mi nan | val recon nan  kl/dim nan
Epoch 127/149 | beta 0.01000  lambda_mi 1.00000 | train recon nan  kl/dim nan  mi nan | val recon nan  kl/dim nan
Epoch 128/149 | beta 0.01000  lambda_mi 1.00000 | train recon nan  kl/dim nan  mi nan | val recon nan  kl/dim nan
Epoch 129/149 | beta 0.01000  lambda_mi 1.00000 | train recon nan  kl/dim nan  mi nan | val recon nan  kl/dim nan
Epoch 130/149 | beta 0.01000  lambda_mi 1.00000 | train recon nan  kl/dim nan  mi nan | val recon nan  kl/dim nan
Epoch 131/149 | beta 0.01000  lambda_mi 1.00000 | train recon nan  kl/dim nan  mi nan | val recon nan  kl/dim nan
Epoch 132/149 | beta 0.01000  lambda_mi 1.00000 | train recon nan  kl/dim nan  mi nan | val recon nan  kl/dim nan
Epoch 133/149 | beta 0.01000  lambda_mi 1.00000 | train recon nan  kl/dim nan  mi nan | val recon nan  kl/dim nan
Epoch 134/149 | beta 0.01000  lambda_mi 1.00000 | train recon nan  kl/dim nan  mi nan | val recon nan  kl/dim nan
Epoch 135/149 | beta 0.01000  lambda_mi 1.00000 | train recon nan  kl/dim nan  mi nan | val recon nan  kl/dim nan
Epoch 136/149 | beta 0.01000  lambda_mi 1.00000 | train recon nan  kl/dim nan  mi nan | val recon nan  kl/dim nan
Epoch 137/149 | beta 0.01000  lambda_mi 1.00000 | train recon nan  kl/dim nan  mi nan | val recon nan  kl/dim nan
Epoch 138/149 | beta 0.01000  lambda_mi 1.00000 | train recon nan  kl/dim nan  mi nan | val recon nan  kl/dim nan
Epoch 139/149 | beta 0.01000  lambda_mi 1.00000 | train recon nan  kl/dim nan  mi nan | val recon nan  kl/dim nan
Epoch 140/149 | beta 0.01000  lambda_mi 1.00000 | train recon nan  kl/dim nan  mi nan | val recon nan  kl/dim nan
Epoch 141/149 | beta 0.01000  lambda_mi 1.00000 | train recon nan  kl/dim nan  mi nan | val recon nan  kl/dim nan
Epoch 142/149 | beta 0.01000  lambda_mi 1.00000 | train recon nan  kl/dim nan  mi nan | val recon nan  kl/dim nan
Epoch 143/149 | beta 0.01000  lambda_mi 1.00000 | train recon nan  kl/dim nan  mi nan | val recon nan  kl/dim nan
Epoch 144/149 | beta 0.01000  lambda_mi 1.00000 | train recon nan  kl/dim nan  mi nan | val recon nan  kl/dim nan
Epoch 145/149 | beta 0.01000  lambda_mi 1.00000 | train recon nan  kl/dim nan  mi nan | val recon nan  kl/dim nan
Epoch 146/149 | beta 0.01000  lambda_mi 1.00000 | train recon nan  kl/dim nan  mi nan | val recon nan  kl/dim nan
Epoch 147/149 | beta 0.01000  lambda_mi 1.00000 | train recon nan  kl/dim nan  mi nan | val recon nan  kl/dim nan
Epoch 148/149 | beta 0.01000  lambda_mi 1.00000 | train recon nan  kl/dim nan  mi nan | val recon nan  kl/dim nan
Epoch 149/149 | beta 0.01000  lambda_mi 1.00000 | train recon nan  kl/dim nan  mi nan | val recon nan  kl/dim nan
MI training complete.
