TwoStage Config: BETA=0.001, ALPHA=0.5, epochs=150
Loading player data (season 2019-26)...
  170772 rows loaded
  train=136880  val=33892
Loading game outcomes...
Game outcomes loaded: 52,625 games, cols=['gameId', 'home_score', 'away_score', 'home_pace', 'away_pace', 'home_poss', 'away_poss']
  52625 games with outcomes
Building loaders (raw targets)...
  done
  team_dim=256  player_dim=24
--no-resume — starting from epoch 0.
Training two-stage model epochs 0–149
Epoch 000/149 | beta 0.00000 | train recon 0.3138  game_mse 0.9477  kl/dim 0.690 | val recon 0.1941  game_mse 0.9371  kl/dim 1.217
Epoch 001/149 | beta 0.00007 | train recon 0.2122  game_mse 0.8406  kl/dim 1.397 | val recon 0.1752  game_mse 0.9349  kl/dim 1.347
Epoch 002/149 | beta 0.00013 | train recon 0.1913  game_mse 0.8143  kl/dim 1.403 | val recon 0.1715  game_mse 0.9016  kl/dim 1.320
Epoch 003/149 | beta 0.00020 | train recon 0.1846  game_mse 0.8039  kl/dim 1.258 | val recon 0.1656  game_mse 0.9234  kl/dim 1.055
Epoch 004/149 | beta 0.00027 | train recon 0.1803  game_mse 0.8055  kl/dim 1.087 | val recon 0.1639  game_mse 0.8992  kl/dim 0.909
Epoch 005/149 | beta 0.00033 | train recon 0.1768  game_mse 0.7874  kl/dim 0.981 | val recon 0.1640  game_mse 0.9103  kl/dim 0.830
Epoch 006/149 | beta 0.00040 | train recon 0.1761  game_mse 0.7756  kl/dim 0.915 | val recon 0.1639  game_mse 0.9575  kl/dim 0.784
Epoch 007/149 | beta 0.00047 | train recon 0.1738  game_mse 0.7753  kl/dim 0.795 | val recon 0.1618  game_mse 0.9139  kl/dim 0.715
Epoch 008/149 | beta 0.00053 | train recon 0.1743  game_mse 0.7707  kl/dim 0.780 | val recon 0.1617  game_mse 0.9134  kl/dim 0.638
Epoch 009/149 | beta 0.00060 | train recon 0.1721  game_mse 0.7579  kl/dim 0.751 | val recon 0.1607  game_mse 0.9145  kl/dim 0.599
Epoch 010/149 | beta 0.00067 | train recon 0.1691  game_mse 0.7516  kl/dim 0.692 | val recon 0.1600  game_mse 0.9433  kl/dim 0.566
  [diag] P(over|z) std: mean=0.0164  std=0.0075  (target >0.05)
Epoch 011/149 | beta 0.00073 | train recon 0.1687  game_mse 0.7453  kl/dim 0.680 | val recon 0.1609  game_mse 0.9272  kl/dim 0.481
Epoch 012/149 | beta 0.00080 | train recon 0.1695  game_mse 0.7424  kl/dim 0.657 | val recon 0.1605  game_mse 0.9213  kl/dim 0.579
Epoch 013/149 | beta 0.00087 | train recon 0.1686  game_mse 0.7408  kl/dim 0.668 | val recon 0.1606  game_mse 0.9329  kl/dim 0.474
Epoch 014/149 | beta 0.00093 | train recon 0.1678  game_mse 0.7340  kl/dim 0.638 | val recon 0.1597  game_mse 0.9236  kl/dim 0.523
Epoch 015/149 | beta 0.00100 | train recon 0.1688  game_mse 0.7269  kl/dim 0.636 | val recon 0.1598  game_mse 0.9278  kl/dim 0.457
Epoch 016/149 | beta 0.00100 | train recon 0.1675  game_mse 0.7291  kl/dim 0.639 | val recon 0.1599  game_mse 0.9186  kl/dim 0.518
Epoch 017/149 | beta 0.00100 | train recon 0.1657  game_mse 0.7061  kl/dim 0.644 | val recon 0.1593  game_mse 0.9582  kl/dim 0.497
Epoch 018/149 | beta 0.00100 | train recon 0.1662  game_mse 0.7048  kl/dim 0.641 | val recon 0.1594  game_mse 0.9354  kl/dim 0.485
Epoch 019/149 | beta 0.00100 | train recon 0.1647  game_mse 0.6962  kl/dim 0.635 | val recon 0.1598  game_mse 0.9366  kl/dim 0.519
Epoch 020/149 | beta 0.00100 | train recon 0.1653  game_mse 0.6920  kl/dim 0.635 | val recon 0.1601  game_mse 0.9342  kl/dim 0.459
  [diag] P(over|z) std: mean=0.0168  std=0.0087  (target >0.05)
Epoch 021/149 | beta 0.00100 | train recon 0.1640  game_mse 0.6919  kl/dim 0.629 | val recon 0.1584  game_mse 0.9370  kl/dim 0.479
Epoch 022/149 | beta 0.00100 | train recon 0.1638  game_mse 0.6781  kl/dim 0.634 | val recon 0.1587  game_mse 0.9328  kl/dim 0.469
Epoch 023/149 | beta 0.00100 | train recon 0.1649  game_mse 0.6770  kl/dim 0.638 | val recon 0.1600  game_mse 0.9318  kl/dim 0.477
Epoch 024/149 | beta 0.00100 | train recon 0.1618  game_mse 0.6712  kl/dim 0.636 | val recon 0.1595  game_mse 0.9495  kl/dim 0.500
Epoch 025/149 | beta 0.00100 | train recon 0.1635  game_mse 0.6704  kl/dim 0.637 | val recon 0.1589  game_mse 0.9399  kl/dim 0.460
Epoch 026/149 | beta 0.00100 | train recon 0.1626  game_mse 0.6683  kl/dim 0.641 | val recon 0.1583  game_mse 0.9274  kl/dim 0.457
Epoch 027/149 | beta 0.00100 | train recon 0.1628  game_mse 0.6668  kl/dim 0.642 | val recon 0.1590  game_mse 0.9313  kl/dim 0.442
Epoch 028/149 | beta 0.00100 | train recon 0.1622  game_mse 0.6549  kl/dim 0.643 | val recon 0.1589  game_mse 0.9332  kl/dim 0.453
Epoch 029/149 | beta 0.00100 | train recon 0.1615  game_mse 0.6499  kl/dim 0.651 | val recon 0.1579  game_mse 0.9438  kl/dim 0.453
Epoch 030/149 | beta 0.00100 | train recon 0.1623  game_mse 0.6419  kl/dim 0.647 | val recon 0.1595  game_mse 0.9629  kl/dim 0.442
  [diag] P(over|z) std: mean=0.0165  std=0.0093  (target >0.05)
Epoch 031/149 | beta 0.00100 | train recon 0.1614  game_mse 0.6455  kl/dim 0.648 | val recon 0.1582  game_mse 0.9390  kl/dim 0.452
Epoch 032/149 | beta 0.00100 | train recon 0.1610  game_mse 0.6410  kl/dim 0.651 | val recon 0.1583  game_mse 0.9580  kl/dim 0.446
Epoch 033/149 | beta 0.00100 | train recon 0.1613  game_mse 0.6379  kl/dim 0.647 | val recon 0.1588  game_mse 0.9456  kl/dim 0.458
Epoch 034/149 | beta 0.00100 | train recon 0.1605  game_mse 0.6270  kl/dim 0.645 | val recon 0.1580  game_mse 0.9506  kl/dim 0.448
Epoch 035/149 | beta 0.00100 | train recon 0.1606  game_mse 0.6240  kl/dim 0.655 | val recon 0.1568  game_mse 0.9464  kl/dim 0.487
Epoch 036/149 | beta 0.00100 | train recon 0.1612  game_mse 0.6231  kl/dim 0.654 | val recon 0.1589  game_mse 0.9392  kl/dim 0.489
Epoch 037/149 | beta 0.00100 | train recon 0.1607  game_mse 0.6212  kl/dim 0.658 | val recon 0.1576  game_mse 0.9415  kl/dim 0.456
Epoch 038/149 | beta 0.00100 | train recon 0.1601  game_mse 0.6192  kl/dim 0.650 | val recon 0.1579  game_mse 0.9419  kl/dim 0.476
Epoch 039/149 | beta 0.00100 | train recon 0.1606  game_mse 0.6116  kl/dim 0.661 | val recon 0.1582  game_mse 0.9479  kl/dim 0.462
Epoch 040/149 | beta 0.00100 | train recon 0.1598  game_mse 0.6019  kl/dim 0.659 | val recon 0.1570  game_mse 0.9508  kl/dim 0.463
  [diag] P(over|z) std: mean=0.0165  std=0.0093  (target >0.05)
Epoch 041/149 | beta 0.00100 | train recon 0.1604  game_mse 0.6010  kl/dim 0.655 | val recon 0.1578  game_mse 0.9506  kl/dim 0.466
Epoch 042/149 | beta 0.00100 | train recon 0.1603  game_mse 0.6024  kl/dim 0.655 | val recon 0.1570  game_mse 0.9407  kl/dim 0.467
Epoch 043/149 | beta 0.00100 | train recon 0.1576  game_mse 0.5891  kl/dim 0.661 | val recon 0.1582  game_mse 0.9467  kl/dim 0.434
Epoch 044/149 | beta 0.00100 | train recon 0.1595  game_mse 0.5939  kl/dim 0.654 | val recon 0.1586  game_mse 0.9528  kl/dim 0.481
Epoch 045/149 | beta 0.00100 | train recon 0.1595  game_mse 0.5915  kl/dim 0.661 | val recon 0.1568  game_mse 0.9516  kl/dim 0.476
Epoch 046/149 | beta 0.00100 | train recon 0.1572  game_mse 0.5958  kl/dim 0.661 | val recon 0.1583  game_mse 0.9596  kl/dim 0.467
Epoch 047/149 | beta 0.00100 | train recon 0.1598  game_mse 0.5876  kl/dim 0.659 | val recon 0.1584  game_mse 0.9611  kl/dim 0.445
Epoch 048/149 | beta 0.00100 | train recon 0.1586  game_mse 0.5891  kl/dim 0.658 | val recon 0.1580  game_mse 0.9695  kl/dim 0.452
Epoch 049/149 | beta 0.00100 | train recon 0.1585  game_mse 0.5917  kl/dim 0.660 | val recon 0.1574  game_mse 0.9490  kl/dim 0.444
Epoch 050/149 | beta 0.00100 | train recon 0.1586  game_mse 0.5907  kl/dim 0.663 | val recon 0.1576  game_mse 0.9451  kl/dim 0.460
  [diag] P(over|z) std: mean=0.0165  std=0.0096  (target >0.05)
Epoch 051/149 | beta 0.00100 | train recon 0.1579  game_mse 0.5810  kl/dim 0.660 | val recon 0.1578  game_mse 0.9591  kl/dim 0.464
Epoch 052/149 | beta 0.00100 | train recon 0.1582  game_mse 0.5746  kl/dim 0.669 | val recon 0.1580  game_mse 0.9534  kl/dim 0.471
Epoch 053/149 | beta 0.00100 | train recon 0.1573  game_mse 0.5687  kl/dim 0.664 | val recon 0.1578  game_mse 0.9458  kl/dim 0.459
Epoch 054/149 | beta 0.00100 | train recon 0.1598  game_mse 0.5752  kl/dim 0.665 | val recon 0.1578  game_mse 0.9552  kl/dim 0.458
Epoch 055/149 | beta 0.00100 | train recon 0.1565  game_mse 0.5694  kl/dim 0.661 | val recon 0.1577  game_mse 0.9488  kl/dim 0.463
Epoch 056/149 | beta 0.00100 | train recon 0.1567  game_mse 0.5649  kl/dim 0.663 | val recon 0.1576  game_mse 0.9513  kl/dim 0.444
Epoch 057/149 | beta 0.00100 | train recon 0.1577  game_mse 0.5681  kl/dim 0.667 | val recon 0.1563  game_mse 0.9491  kl/dim 0.467
Epoch 058/149 | beta 0.00100 | train recon 0.1578  game_mse 0.5596  kl/dim 0.672 | val recon 0.1583  game_mse 0.9523  kl/dim 0.448
Epoch 059/149 | beta 0.00100 | train recon 0.1570  game_mse 0.5647  kl/dim 0.675 | val recon 0.1571  game_mse 0.9738  kl/dim 0.482
Epoch 060/149 | beta 0.00100 | train recon 0.1572  game_mse 0.5680  kl/dim 0.669 | val recon 0.1586  game_mse 0.9519  kl/dim 0.464
  [diag] P(over|z) std: mean=0.0162  std=0.0096  (target >0.05)
Epoch 061/149 | beta 0.00100 | train recon 0.1571  game_mse 0.5541  kl/dim 0.670 | val recon 0.1580  game_mse 0.9642  kl/dim 0.458
Epoch 062/149 | beta 0.00100 | train recon 0.1577  game_mse 0.5625  kl/dim 0.667 | val recon 0.1579  game_mse 0.9509  kl/dim 0.473
Epoch 063/149 | beta 0.00100 | train recon 0.1566  game_mse 0.5611  kl/dim 0.666 | val recon 0.1580  game_mse 0.9517  kl/dim 0.479
Epoch 064/149 | beta 0.00100 | train recon 0.1570  game_mse 0.5548  kl/dim 0.666 | val recon 0.1579  game_mse 0.9517  kl/dim 0.458
Epoch 065/149 | beta 0.00100 | train recon 0.1567  game_mse 0.5545  kl/dim 0.667 | val recon 0.1578  game_mse 0.9820  kl/dim 0.447
Epoch 066/149 | beta 0.00100 | train recon 0.1570  game_mse 0.5548  kl/dim 0.667 | val recon 0.1579  game_mse 0.9638  kl/dim 0.461
Epoch 067/149 | beta 0.00100 | train recon 0.1556  game_mse 0.5460  kl/dim 0.673 | val recon 0.1579  game_mse 0.9617  kl/dim 0.456
Epoch 068/149 | beta 0.00100 | train recon 0.1543  game_mse 0.5477  kl/dim 0.665 | val recon 0.1573  game_mse 0.9619  kl/dim 0.481
Epoch 069/149 | beta 0.00100 | train recon 0.1574  game_mse 0.5520  kl/dim 0.672 | val recon 0.1578  game_mse 0.9562  kl/dim 0.451
Epoch 070/149 | beta 0.00100 | train recon 0.1554  game_mse 0.5391  kl/dim 0.677 | val recon 0.1579  game_mse 0.9730  kl/dim 0.462
  [diag] P(over|z) std: mean=0.0164  std=0.0094  (target >0.05)
Epoch 071/149 | beta 0.00100 | train recon 0.1556  game_mse 0.5460  kl/dim 0.669 | val recon 0.1573  game_mse 0.9666  kl/dim 0.446
Epoch 072/149 | beta 0.00100 | train recon 0.1562  game_mse 0.5378  kl/dim 0.673 | val recon 0.1585  game_mse 0.9573  kl/dim 0.453
Epoch 073/149 | beta 0.00100 | train recon 0.1562  game_mse 0.5415  kl/dim 0.674 | val recon 0.1576  game_mse 0.9678  kl/dim 0.461
Epoch 074/149 | beta 0.00100 | train recon 0.1562  game_mse 0.5407  kl/dim 0.667 | val recon 0.1573  game_mse 0.9655  kl/dim 0.447
Epoch 075/149 | beta 0.00100 | train recon 0.1554  game_mse 0.5357  kl/dim 0.670 | val recon 0.1578  game_mse 0.9675  kl/dim 0.466
Epoch 076/149 | beta 0.00100 | train recon 0.1562  game_mse 0.5337  kl/dim 0.670 | val recon 0.1583  game_mse 0.9512  kl/dim 0.484
Epoch 077/149 | beta 0.00100 | train recon 0.1545  game_mse 0.5361  kl/dim 0.681 | val recon 0.1571  game_mse 0.9643  kl/dim 0.462
Epoch 078/149 | beta 0.00100 | train recon 0.1554  game_mse 0.5250  kl/dim 0.670 | val recon 0.1581  game_mse 0.9447  kl/dim 0.440
Epoch 079/149 | beta 0.00100 | train recon 0.1547  game_mse 0.5257  kl/dim 0.675 | val recon 0.1577  game_mse 0.9695  kl/dim 0.463
Epoch 080/149 | beta 0.00100 | train recon 0.1551  game_mse 0.5182  kl/dim 0.679 | val recon 0.1577  game_mse 0.9693  kl/dim 0.465
  [diag] P(over|z) std: mean=0.0162  std=0.0094  (target >0.05)
Epoch 081/149 | beta 0.00100 | train recon 0.1555  game_mse 0.5274  kl/dim 0.677 | val recon 0.1575  game_mse 0.9671  kl/dim 0.455
Epoch 082/149 | beta 0.00100 | train recon 0.1546  game_mse 0.5271  kl/dim 0.679 | val recon 0.1579  game_mse 0.9758  kl/dim 0.448
Epoch 083/149 | beta 0.00100 | train recon 0.1574  game_mse 0.5243  kl/dim 0.675 | val recon 0.1586  game_mse 0.9682  kl/dim 0.446
Epoch 084/149 | beta 0.00100 | train recon 0.1559  game_mse 0.5217  kl/dim 0.671 | val recon 0.1579  game_mse 0.9697  kl/dim 0.462
Epoch 085/149 | beta 0.00100 | train recon 0.1551  game_mse 0.5318  kl/dim 0.675 | val recon 0.1579  game_mse 0.9762  kl/dim 0.448
Epoch 086/149 | beta 0.00100 | train recon 0.1553  game_mse 0.5234  kl/dim 0.677 | val recon 0.1586  game_mse 0.9845  kl/dim 0.442
Epoch 087/149 | beta 0.00100 | train recon 0.1547  game_mse 0.5281  kl/dim 0.675 | val recon 0.1584  game_mse 0.9662  kl/dim 0.449
Epoch 088/149 | beta 0.00100 | train recon 0.1543  game_mse 0.5229  kl/dim 0.680 | val recon 0.1596  game_mse 0.9729  kl/dim 0.445
Epoch 089/149 | beta 0.00100 | train recon 0.1546  game_mse 0.5165  kl/dim 0.675 | val recon 0.1579  game_mse 0.9769  kl/dim 0.457
Epoch 090/149 | beta 0.00100 | train recon 0.1541  game_mse 0.5233  kl/dim 0.682 | val recon 0.1581  game_mse 0.9728  kl/dim 0.450
  [diag] P(over|z) std: mean=0.0158  std=0.0094  (target >0.05)
Epoch 091/149 | beta 0.00100 | train recon 0.1540  game_mse 0.5151  kl/dim 0.680 | val recon 0.1581  game_mse 0.9612  kl/dim 0.459
Epoch 092/149 | beta 0.00100 | train recon 0.1541  game_mse 0.5179  kl/dim 0.677 | val recon 0.1582  game_mse 0.9742  kl/dim 0.443
Epoch 093/149 | beta 0.00100 | train recon 0.1552  game_mse 0.5114  kl/dim 0.679 | val recon 0.1582  game_mse 0.9704  kl/dim 0.450
Epoch 094/149 | beta 0.00100 | train recon 0.1536  game_mse 0.5101  kl/dim 0.681 | val recon 0.1584  game_mse 0.9617  kl/dim 0.453
Epoch 095/149 | beta 0.00100 | train recon 0.1536  game_mse 0.5081  kl/dim 0.678 | val recon 0.1588  game_mse 0.9757  kl/dim 0.438
Epoch 096/149 | beta 0.00100 | train recon 0.1554  game_mse 0.5078  kl/dim 0.675 | val recon 0.1574  game_mse 0.9658  kl/dim 0.457
Epoch 097/149 | beta 0.00100 | train recon 0.1540  game_mse 0.5047  kl/dim 0.683 | val recon 0.1587  game_mse 0.9734  kl/dim 0.437
Epoch 098/149 | beta 0.00100 | train recon 0.1536  game_mse 0.5098  kl/dim 0.672 | val recon 0.1583  game_mse 0.9814  kl/dim 0.471
Epoch 099/149 | beta 0.00100 | train recon 0.1554  game_mse 0.5028  kl/dim 0.678 | val recon 0.1595  game_mse 0.9655  kl/dim 0.462
Epoch 100/149 | beta 0.00100 | train recon 0.1552  game_mse 0.5073  kl/dim 0.679 | val recon 0.1596  game_mse 0.9763  kl/dim 0.456
  [diag] P(over|z) std: mean=0.0157  std=0.0090  (target >0.05)
Epoch 101/149 | beta 0.00100 | train recon 0.1542  game_mse 0.5030  kl/dim 0.682 | val recon 0.1583  game_mse 0.9843  kl/dim 0.465
Epoch 102/149 | beta 0.00100 | train recon 0.1530  game_mse 0.5089  kl/dim 0.673 | val recon 0.1581  game_mse 0.9819  kl/dim 0.454
Epoch 103/149 | beta 0.00100 | train recon 0.1535  game_mse 0.5081  kl/dim 0.678 | val recon 0.1579  game_mse 0.9773  kl/dim 0.440
Epoch 104/149 | beta 0.00100 | train recon 0.1544  game_mse 0.4946  kl/dim 0.677 | val recon 0.1589  game_mse 0.9789  kl/dim 0.461
Epoch 105/149 | beta 0.00100 | train recon 0.1542  game_mse 0.5010  kl/dim 0.684 | val recon 0.1587  game_mse 0.9594  kl/dim 0.466
Epoch 106/149 | beta 0.00100 | train recon 0.1530  game_mse 0.4958  kl/dim 0.690 | val recon 0.1581  game_mse 0.9628  kl/dim 0.461
Epoch 107/149 | beta 0.00100 | train recon 0.1543  game_mse 0.4969  kl/dim 0.684 | val recon 0.1581  game_mse 0.9799  kl/dim 0.461
Epoch 108/149 | beta 0.00100 | train recon 0.1527  game_mse 0.4934  kl/dim 0.688 | val recon 0.1583  game_mse 0.9667  kl/dim 0.456
Epoch 109/149 | beta 0.00100 | train recon 0.1541  game_mse 0.4954  kl/dim 0.685 | val recon 0.1588  game_mse 0.9871  kl/dim 0.460
Epoch 110/149 | beta 0.00100 | train recon 0.1521  game_mse 0.4894  kl/dim 0.682 | val recon 0.1584  game_mse 0.9704  kl/dim 0.459
  [diag] P(over|z) std: mean=0.0165  std=0.0096  (target >0.05)
Epoch 111/149 | beta 0.00100 | train recon 0.1526  game_mse 0.4924  kl/dim 0.677 | val recon 0.1579  game_mse 0.9729  kl/dim 0.457
Epoch 112/149 | beta 0.00100 | train recon 0.1533  game_mse 0.4995  kl/dim 0.687 | val recon 0.1585  game_mse 0.9956  kl/dim 0.461
Epoch 113/149 | beta 0.00100 | train recon 0.1536  game_mse 0.4930  kl/dim 0.682 | val recon 0.1586  game_mse 0.9688  kl/dim 0.459
Epoch 114/149 | beta 0.00100 | train recon 0.1540  game_mse 0.4965  kl/dim 0.678 | val recon 0.1585  game_mse 0.9791  kl/dim 0.468
Epoch 115/149 | beta 0.00100 | train recon 0.1540  game_mse 0.4889  kl/dim 0.687 | val recon 0.1588  game_mse 0.9747  kl/dim 0.454
Epoch 116/149 | beta 0.00100 | train recon 0.1525  game_mse 0.4913  kl/dim 0.681 | val recon 0.1589  game_mse 0.9975  kl/dim 0.466
Epoch 117/149 | beta 0.00100 | train recon 0.1528  game_mse 0.4890  kl/dim 0.682 | val recon 0.1594  game_mse 1.0007  kl/dim 0.441
Epoch 118/149 | beta 0.00100 | train recon 0.1528  game_mse 0.4836  kl/dim 0.679 | val recon 0.1595  game_mse 0.9705  kl/dim 0.438
Epoch 119/149 | beta 0.00100 | train recon 0.1534  game_mse 0.4948  kl/dim 0.682 | val recon 0.1583  game_mse 0.9740  kl/dim 0.470
Epoch 120/149 | beta 0.00100 | train recon 0.1530  game_mse 0.4888  kl/dim 0.680 | val recon 0.1595  game_mse 0.9728  kl/dim 0.446
  [diag] P(over|z) std: mean=0.0163  std=0.0097  (target >0.05)
Epoch 121/149 | beta 0.00100 | train recon 0.1535  game_mse 0.4858  kl/dim 0.682 | val recon 0.1592  game_mse 0.9647  kl/dim 0.469
Epoch 122/149 | beta 0.00100 | train recon 0.1534  game_mse 0.4867  kl/dim 0.686 | val recon 0.1593  game_mse 0.9752  kl/dim 0.454
Epoch 123/149 | beta 0.00100 | train recon 0.1535  game_mse 0.4879  kl/dim 0.684 | val recon 0.1602  game_mse 0.9678  kl/dim 0.439
Epoch 124/149 | beta 0.00100 | train recon 0.1538  game_mse 0.4841  kl/dim 0.686 | val recon 0.1579  game_mse 0.9658  kl/dim 0.438
Epoch 125/149 | beta 0.00100 | train recon 0.1525  game_mse 0.4791  kl/dim 0.681 | val recon 0.1586  game_mse 0.9801  kl/dim 0.454
Epoch 126/149 | beta 0.00100 | train recon 0.1516  game_mse 0.4818  kl/dim 0.682 | val recon 0.1585  game_mse 0.9780  kl/dim 0.448
Epoch 127/149 | beta 0.00100 | train recon 0.1522  game_mse 0.4800  kl/dim 0.688 | val recon 0.1577  game_mse 0.9789  kl/dim 0.447
Epoch 128/149 | beta 0.00100 | train recon 0.1536  game_mse 0.4877  kl/dim 0.687 | val recon 0.1585  game_mse 0.9830  kl/dim 0.453
Epoch 129/149 | beta 0.00100 | train recon 0.1522  game_mse 0.4862  kl/dim 0.684 | val recon 0.1588  game_mse 0.9900  kl/dim 0.449
Epoch 130/149 | beta 0.00100 | train recon 0.1515  game_mse 0.4742  kl/dim 0.692 | val recon 0.1590  game_mse 0.9840  kl/dim 0.458
  [diag] P(over|z) std: mean=0.0157  std=0.0091  (target >0.05)
Epoch 131/149 | beta 0.00100 | train recon 0.1519  game_mse 0.4758  kl/dim 0.689 | val recon 0.1589  game_mse 0.9772  kl/dim 0.458
Epoch 132/149 | beta 0.00100 | train recon 0.1520  game_mse 0.4836  kl/dim 0.686 | val recon 0.1584  game_mse 0.9800  kl/dim 0.457
Epoch 133/149 | beta 0.00100 | train recon 0.1516  game_mse 0.4730  kl/dim 0.691 | val recon 0.1590  game_mse 0.9997  kl/dim 0.448
Epoch 134/149 | beta 0.00100 | train recon 0.1523  game_mse 0.4793  kl/dim 0.681 | val recon 0.1585  game_mse 0.9903  kl/dim 0.439
Epoch 135/149 | beta 0.00100 | train recon 0.1532  game_mse 0.4787  kl/dim 0.689 | val recon 0.1589  game_mse 0.9813  kl/dim 0.453
Epoch 136/149 | beta 0.00100 | train recon 0.1517  game_mse 0.4772  kl/dim 0.687 | val recon 0.1586  game_mse 1.0017  kl/dim 0.464
Epoch 137/149 | beta 0.00100 | train recon 0.1529  game_mse 0.4811  kl/dim 0.686 | val recon 0.1590  game_mse 0.9897  kl/dim 0.458
Epoch 138/149 | beta 0.00100 | train recon 0.1519  game_mse 0.4810  kl/dim 0.686 | val recon 0.1587  game_mse 0.9811  kl/dim 0.454
Epoch 139/149 | beta 0.00100 | train recon 0.1537  game_mse 0.4741  kl/dim 0.687 | val recon 0.1589  game_mse 0.9855  kl/dim 0.461
Epoch 140/149 | beta 0.00100 | train recon 0.1529  game_mse 0.4702  kl/dim 0.693 | val recon 0.1584  game_mse 0.9925  kl/dim 0.467
  [diag] P(over|z) std: mean=0.0159  std=0.0092  (target >0.05)
Epoch 141/149 | beta 0.00100 | train recon 0.1528  game_mse 0.4748  kl/dim 0.684 | val recon 0.1596  game_mse 0.9685  kl/dim 0.462
Epoch 142/149 | beta 0.00100 | train recon 0.1518  game_mse 0.4762  kl/dim 0.690 | val recon 0.1596  game_mse 0.9980  kl/dim 0.460
Epoch 143/149 | beta 0.00100 | train recon 0.1538  game_mse 0.4677  kl/dim 0.686 | val recon 0.1595  game_mse 0.9857  kl/dim 0.459
Epoch 144/149 | beta 0.00100 | train recon 0.1516  game_mse 0.4723  kl/dim 0.689 | val recon 0.1584  game_mse 0.9911  kl/dim 0.458
Epoch 145/149 | beta 0.00100 | train recon 0.1526  game_mse 0.4793  kl/dim 0.691 | val recon 0.1583  game_mse 0.9751  kl/dim 0.459
Epoch 146/149 | beta 0.00100 | train recon 0.1527  game_mse 0.4709  kl/dim 0.685 | val recon 0.1590  game_mse 0.9752  kl/dim 0.452
Epoch 147/149 | beta 0.00100 | train recon 0.1524  game_mse 0.4627  kl/dim 0.689 | val recon 0.1588  game_mse 0.9787  kl/dim 0.475
Epoch 148/149 | beta 0.00100 | train recon 0.1519  game_mse 0.4656  kl/dim 0.687 | val recon 0.1581  game_mse 0.9770  kl/dim 0.454
Epoch 149/149 | beta 0.00100 | train recon 0.1523  game_mse 0.4733  kl/dim 0.681 | val recon 0.1586  game_mse 0.9819  kl/dim 0.470

Final P(over|z) std: mean=0.0151  std=0.0089
Two-stage training complete.
